<?xml version="1.0" encoding="utf-8"?><testsuites name="pytest tests"><testsuite name="pytest" errors="0" failures="1" skipped="0" tests="18" time="7.384" timestamp="2026-03-07T14:00:07.449854+00:00" hostname="agent-env-ceefb6a0-5416-4b3e-8173-ab528c3ee118"><testcase classname="backend.tests.test_iteration69_final.TestDesignerRemoval" name="test_register_designer_rejected" time="4.292" /><testcase classname="backend.tests.test_iteration69_final.TestDesignerRemoval" name="test_register_client_works" time="0.339" /><testcase classname="backend.tests.test_iteration69_final.TestGoogleOAuth" name="test_google_callback_missing_session" time="0.059" /><testcase classname="backend.tests.test_iteration69_final.TestGoogleOAuth" name="test_google_callback_invalid_session" time="0.185" /><testcase classname="backend.tests.test_iteration69_final.TestTelegramBot" name="test_telegram_bot_info" time="0.448" /><testcase classname="backend.tests.test_iteration69_final.TestSuggestionsAPI" name="test_get_suggestions_public" time="0.054" /><testcase classname="backend.tests.test_iteration69_final.TestSuggestionsAPI" name="test_post_suggestion" time="0.064"><failure message="AssertionError: assert ('suggestion' in {'message': 'Благодарим за предложението!', 'status': 'ok'} or 'id' in {'message': 'Благодарим за предложението!', 'status': 'ok'})">backend/tests/test_iteration69_final.py:139: in test_post_suggestion
    assert "suggestion" in data or "id" in data
E   AssertionError: assert ('suggestion' in {'message': 'Благодарим за предложението!', 'status': 'ok'} or 'id' in {'message': 'Благодарим за предложението!', 'status': 'ok'})</failure></testcase><testcase classname="backend.tests.test_iteration69_final.TestSuggestionsAPI" name="test_vote_suggestion" time="0.188" /><testcase classname="backend.tests.test_iteration69_final.TestFeedbackAPI" name="test_get_feedback" time="0.060" /><testcase classname="backend.tests.test_iteration69_final.TestFeedbackAPI" name="test_post_feedback" time="0.054" /><testcase classname="backend.tests.test_iteration69_final.TestUserSearchAPI" name="test_user_search_requires_auth" time="0.146" /><testcase classname="backend.tests.test_iteration69_final.TestUserSearchAPI" name="test_user_search_with_auth" time="0.392" /><testcase classname="backend.tests.test_iteration69_final.TestCompaniesAPI" name="test_companies_list_public" time="0.073" /><testcase classname="backend.tests.test_iteration69_final.TestCompaniesAPI" name="test_companies_filter_by_type" time="0.122" /><testcase classname="backend.tests.test_iteration69_final.TestLiveStats" name="test_stats_live" time="0.075" /><testcase classname="backend.tests.test_iteration69_final.TestCategories" name="test_categories_list" time="0.063" /><testcase classname="backend.tests.test_iteration69_final.TestAuthLogin" name="test_login_valid_user" time="0.325" /><testcase classname="backend.tests.test_iteration69_final.TestAuthLogin" name="test_login_invalid_credentials" time="0.058" /></testsuite></testsuites>