<?xml version="1.0" encoding="utf-8"?><testsuites name="pytest tests"><testsuite name="pytest" errors="0" failures="2" skipped="0" tests="11" time="241.572" timestamp="2026-03-06T07:59:53.034456+00:00" hostname="agent-env-578b273e-b605-47bf-9e72-f954153ead3a"><testcase classname="backend.tests.test_video_ffmpeg_conversion.TestFFmpegEnvironment" name="test_ffmpeg_installed" time="0.007" /><testcase classname="backend.tests.test_video_ffmpeg_conversion.TestFFmpegEnvironment" name="test_ffmpeg_has_libx264" time="0.334" /><testcase classname="backend.tests.test_video_ffmpeg_conversion.TestFFmpegEnvironment" name="test_ffmpeg_has_libx265" time="0.200" /><testcase classname="backend.tests.test_video_ffmpeg_conversion.TestVideoGenerateEndpoint" name="test_h265_video_accepted_and_converted" time="61.389" /><testcase classname="backend.tests.test_video_ffmpeg_conversion.TestVideoGenerateEndpoint" name="test_avi_video_accepted_and_converted" time="65.981" /><testcase classname="backend.tests.test_video_ffmpeg_conversion.TestVideoGenerateEndpoint" name="test_h264_video_works" time="62.663"><failure message="AssertionError: H.264 video should be accepted: The preview environment is not responding. It may be starting up.&#10;  &#10;assert 502 in [200, 500]&#10; +  where 502 = &lt;Response [502]&gt;.status_code">backend/tests/test_video_ffmpeg_conversion.py:153: in test_h264_video_works
    assert response.status_code in [200, 500], f"H.264 video should be accepted: {response.text[:200]}"
E   AssertionError: H.264 video should be accepted: The preview environment is not responding. It may be starting up.
E     
E   assert 502 in [200, 500]
E    +  where 502 = &lt;Response [502]&gt;.status_code</failure></testcase><testcase classname="backend.tests.test_video_ffmpeg_conversion.TestVideoGenerateEndpoint" name="test_file_size_limit_enforced" time="2.050" /><testcase classname="backend.tests.test_video_ffmpeg_conversion.TestVideoGenerateEndpoint" name="test_non_video_file_rejected" time="32.490"><failure message="requests.exceptions.ReadTimeout: HTTPSConnectionPool(host='ui-refresh-staging.preview.emergentagent.com', port=443): Read timed out. (read timeout=30)">/root/.venv/lib/python3.11/site-packages/urllib3/connectionpool.py:534: in _make_request
    response = conn.getresponse()
               ^^^^^^^^^^^^^^^^^^
/root/.venv/lib/python3.11/site-packages/urllib3/connection.py:571: in getresponse
    httplib_response = super().getresponse()
                       ^^^^^^^^^^^^^^^^^^^^^
/usr/local/lib/python3.11/http/client.py:1395: in getresponse
    response.begin()
/usr/local/lib/python3.11/http/client.py:325: in begin
    version, status, reason = self._read_status()
                              ^^^^^^^^^^^^^^^^^^^
/usr/local/lib/python3.11/http/client.py:286: in _read_status
    line = str(self.fp.readline(_MAXLINE + 1), "iso-8859-1")
               ^^^^^^^^^^^^^^^^^^^^^^^^^^^^^^
/usr/local/lib/python3.11/socket.py:718: in readinto
    return self._sock.recv_into(b)
           ^^^^^^^^^^^^^^^^^^^^^^^
/usr/local/lib/python3.11/ssl.py:1314: in recv_into
    return self.read(nbytes, buffer)
           ^^^^^^^^^^^^^^^^^^^^^^^^^
/usr/local/lib/python3.11/ssl.py:1166: in read
    return self._sslobj.read(len, buffer)
           ^^^^^^^^^^^^^^^^^^^^^^^^^^^^^^
E   TimeoutError: The read operation timed out

The above exception was the direct cause of the following exception:
/root/.venv/lib/python3.11/site-packages/requests/adapters.py:644: in send
    resp = conn.urlopen(
/root/.venv/lib/python3.11/site-packages/urllib3/connectionpool.py:841: in urlopen
    retries = retries.increment(
/root/.venv/lib/python3.11/site-packages/urllib3/util/retry.py:490: in increment
    raise reraise(type(error), error, _stacktrace)
          ^^^^^^^^^^^^^^^^^^^^^^^^^^^^^^^^^^^^^^^^
/root/.venv/lib/python3.11/site-packages/urllib3/util/util.py:39: in reraise
    raise value
/root/.venv/lib/python3.11/site-packages/urllib3/connectionpool.py:787: in urlopen
    response = self._make_request(
/root/.venv/lib/python3.11/site-packages/urllib3/connectionpool.py:536: in _make_request
    self._raise_timeout(err=e, url=url, timeout_value=read_timeout)
/root/.venv/lib/python3.11/site-packages/urllib3/connectionpool.py:367: in _raise_timeout
    raise ReadTimeoutError(
E   urllib3.exceptions.ReadTimeoutError: HTTPSConnectionPool(host='ui-refresh-staging.preview.emergentagent.com', port=443): Read timed out. (read timeout=30)

During handling of the above exception, another exception occurred:
backend/tests/test_video_ffmpeg_conversion.py:183: in test_non_video_file_rejected
    response = requests.post(
/root/.venv/lib/python3.11/site-packages/requests/api.py:115: in post
    return request("post", url, data=data, json=json, **kwargs)
           ^^^^^^^^^^^^^^^^^^^^^^^^^^^^^^^^^^^^^^^^^^^^^^^^^^^^
/root/.venv/lib/python3.11/site-packages/requests/api.py:59: in request
    return session.request(method=method, url=url, **kwargs)
           ^^^^^^^^^^^^^^^^^^^^^^^^^^^^^^^^^^^^^^^^^^^^^^^^^
/root/.venv/lib/python3.11/site-packages/requests/sessions.py:589: in request
    resp = self.send(prep, **send_kwargs)
           ^^^^^^^^^^^^^^^^^^^^^^^^^^^^^^
/root/.venv/lib/python3.11/site-packages/requests/sessions.py:703: in send
    r = adapter.send(request, **kwargs)
        ^^^^^^^^^^^^^^^^^^^^^^^^^^^^^^^
/root/.venv/lib/python3.11/site-packages/requests/adapters.py:690: in send
    raise ReadTimeout(e, request=request)
E   requests.exceptions.ReadTimeout: HTTPSConnectionPool(host='ui-refresh-staging.preview.emergentagent.com', port=443): Read timed out. (read timeout=30)</failure></testcase><testcase classname="backend.tests.test_video_ffmpeg_conversion.TestVideoGenerateEndpoint" name="test_non_video_with_mp4_extension_rejected" time="15.188" /><testcase classname="backend.tests.test_video_ffmpeg_conversion.TestBackendStartup" name="test_backend_health" time="0.268" /><testcase classname="backend.tests.test_video_ffmpeg_conversion.TestBackendStartup" name="test_video_endpoint_exists" time="0.248" /></testsuite></testsuites>