<?xml version="1.0" encoding="utf-8"?><testsuites name="pytest tests"><testsuite name="pytest" errors="0" failures="0" skipped="0" tests="11" time="10.686" timestamp="2026-02-27T14:17:12.807990+00:00" hostname="agent-env-764d8183-5062-4fe1-8619-7c8648311854"><testcase classname="backend.tests.test_iteration14.TestHealthAndBasics" name="test_api_root" time="3.807" /><testcase classname="backend.tests.test_iteration14.TestHealthAndBasics" name="test_categories" time="0.238" /><testcase classname="backend.tests.test_iteration14.TestHealthAndBasics" name="test_stats" time="0.218" /><testcase classname="backend.tests.test_iteration14.TestChatbotEndpoint" name="test_chatbot_valid_message" time="1.728" /><testcase classname="backend.tests.test_iteration14.TestChatbotEndpoint" name="test_chatbot_empty_message_returns_400" time="0.242" /><testcase classname="backend.tests.test_iteration14.TestChatbotEndpoint" name="test_chatbot_missing_message_returns_400" time="0.286" /><testcase classname="backend.tests.test_iteration14.TestChatbotEndpoint" name="test_chatbot_with_language_hint" time="2.012" /><testcase classname="backend.tests.test_iteration14.TestChatbotEndpoint" name="test_chatbot_bulgarian_default" time="1.040" /><testcase classname="backend.tests.test_iteration14.TestProjects" name="test_list_projects" time="0.152" /><testcase classname="backend.tests.test_iteration14.TestProjects" name="test_projects_with_filters" time="0.196" /><testcase classname="backend.tests.test_iteration14.TestCompanies" name="test_list_companies" time="0.257" /></testsuite></testsuites>