<?xml version="1.0" encoding="utf-8"?><testsuites name="pytest tests"><testsuite name="pytest" errors="0" failures="2" skipped="1" tests="18" time="17.767" timestamp="2026-02-27T10:10:19.658447+00:00" hostname="agent-env-3e834d1b-4c5e-4437-be41-f915139ff4d3"><testcase classname="backend.tests.test_iteration9_registration.TestCompanyRegistrationBulstat" name="test_reject_company_without_bulstat" time="1.271"><failure message="AssertionError: assert ('Булстат' in 'булстатът е задължителен за фирми' or 'булстат' in 'Булстатът е задължителен за фирми')&#10; +  where 'булстатът е задължителен за фирми' = &lt;built-in method lower of str object at 0x7be8d0c41980&gt;()&#10; +    where &lt;built-in method lower of str object at 0x7be8d0c41980&gt; = 'Булстатът е задължителен за фирми'.lower">backend/tests/test_iteration9_registration.py:51: in test_reject_company_without_bulstat
    assert "Булстат" in data["detail"].lower() or "булстат" in data["detail"]
E   AssertionError: assert ('Булстат' in 'булстатът е задължителен за фирми' or 'булстат' in 'Булстатът е задължителен за фирми')
E    +  where 'булстатът е задължителен за фирми' = &lt;built-in method lower of str object at 0x7be8d0c41980&gt;()
E    +    where &lt;built-in method lower of str object at 0x7be8d0c41980&gt; = 'Булстатът е задължителен за фирми'.lower</failure></testcase><testcase classname="backend.tests.test_iteration9_registration.TestCompanyRegistrationBulstat" name="test_reject_company_with_empty_bulstat" time="0.456" /><testcase classname="backend.tests.test_iteration9_registration.TestCompanyRegistrationBulstat" name="test_reject_company_with_short_bulstat" time="0.242" /><testcase classname="backend.tests.test_iteration9_registration.TestCompanyRegistrationBulstat" name="test_reject_company_with_long_bulstat" time="0.199" /><testcase classname="backend.tests.test_iteration9_registration.TestCompanyRegistrationBulstat" name="test_reject_company_with_nonnumeric_bulstat" time="0.519" /><testcase classname="backend.tests.test_iteration9_registration.TestCompanyRegistrationBulstat" name="test_accept_company_with_valid_bulstat" time="0.404"><failure message="AssertionError: Expected 200, got 400: {&quot;detail&quot;:&quot;Този Булстат вече е регистриран&quot;}&#10;assert 400 == 200&#10; +  where 400 = &lt;Response [400]&gt;.status_code">backend/tests/test_iteration9_registration.py:132: in test_accept_company_with_valid_bulstat
    assert response.status_code == 200, f"Expected 200, got {response.status_code}: {response.text}"
E   AssertionError: Expected 200, got 400: {"detail":"Този Булстат вече е регистриран"}
E   assert 400 == 200
E    +  where 400 = &lt;Response [400]&gt;.status_code</failure></testcase><testcase classname="backend.tests.test_iteration9_registration.TestMasterRegistrationNoBulstat" name="test_accept_master_without_bulstat" time="1.472" /><testcase classname="backend.tests.test_iteration9_registration.TestMasterRegistrationNoBulstat" name="test_master_ignores_bulstat_if_provided" time="1.835" /><testcase classname="backend.tests.test_iteration9_registration.TestClientRegistrationNoBulstat" name="test_accept_client_without_bulstat" time="0.886" /><testcase classname="backend.tests.test_iteration9_registration.TestMasterAccess" name="test_master_can_access_my_company" time="2.394" /><testcase classname="backend.tests.test_iteration9_registration.TestMasterAccess" name="test_master_can_access_my_leads" time="0.291" /><testcase classname="backend.tests.test_iteration9_registration.TestMasterAccess" name="test_master_can_access_my_portfolio" time="0.327" /><testcase classname="backend.tests.test_iteration9_registration.TestMasterAccess" name="test_master_can_access_free_leads_status" time="0.246" /><testcase classname="backend.tests.test_iteration9_registration.TestAuthMeReturnsBulstat" name="test_auth_me_returns_bulstat_for_company" time="1.075" /><testcase classname="backend.tests.test_iteration9_registration.TestDuplicateBulstat" name="test_reject_duplicate_bulstat" time="0.321"><skipped type="pytest.skip" message="Cannot create first company: {&quot;detail&quot;:&quot;Булстатът трябва да е точно 9 цифри&quot;}">/app/backend/tests/test_iteration9_registration.py:330: Cannot create first company: {"detail":"Булстатът трябва да е точно 9 цифри"}</skipped></testcase><testcase classname="backend.tests.test_iteration9_registration.TestExistingUserLogin" name="test_company_login" time="1.097" /><testcase classname="backend.tests.test_iteration9_registration.TestExistingUserLogin" name="test_master_login" time="1.540" /><testcase classname="backend.tests.test_iteration9_registration.TestExistingUserLogin" name="test_client_login" time="1.201" /></testsuite></testsuites>