<?xml version="1.0" encoding="utf-8"?><testsuites name="pytest tests"><testsuite name="pytest" errors="0" failures="0" skipped="0" tests="12" time="6.276" timestamp="2026-03-06T23:09:37.211706+00:00" hostname="agent-env-d0b81975-5b4f-4d72-ab0c-af163abff7ab"><testcase classname="backend.tests.test_iteration56_leaderboard_offers.TestLeaderboard" name="test_leaderboard_clients_returns_entries" time="2.475" /><testcase classname="backend.tests.test_iteration56_leaderboard_offers.TestLeaderboard" name="test_leaderboard_clients_period_month" time="0.151" /><testcase classname="backend.tests.test_iteration56_leaderboard_offers.TestLeaderboard" name="test_leaderboard_companies_returns_entries" time="0.178" /><testcase classname="backend.tests.test_iteration56_leaderboard_offers.TestLeaderboard" name="test_leaderboard_companies_period_month" time="0.168" /><testcase classname="backend.tests.test_iteration56_leaderboard_offers.TestCommunityOffers" name="test_create_offer_requires_auth" time="0.213" /><testcase classname="backend.tests.test_iteration56_leaderboard_offers.TestCommunityOffers" name="test_create_offer_requires_company" time="0.720" /><testcase classname="backend.tests.test_iteration56_leaderboard_offers.TestCommunityOffers" name="test_create_offer_as_company" time="0.852" /><testcase classname="backend.tests.test_iteration56_leaderboard_offers.TestCommunityOffers" name="test_get_post_offers_returns_array" time="0.317" /><testcase classname="backend.tests.test_iteration56_leaderboard_offers.TestPublicProjects" name="test_public_projects_returns_array" time="0.211" /><testcase classname="backend.tests.test_iteration56_leaderboard_offers.TestPublicProjects" name="test_public_projects_pagination" time="0.198" /><testcase classname="backend.tests.test_iteration56_leaderboard_offers.TestAPIHealth" name="test_api_root" time="0.156" /><testcase classname="backend.tests.test_iteration56_leaderboard_offers.TestAPIHealth" name="test_community_posts_endpoint" time="0.222" /></testsuite></testsuites>