<?xml version="1.0" encoding="utf-8"?><testsuites name="pytest tests"><testsuite name="pytest" errors="0" failures="0" skipped="0" tests="25" time="24.165" timestamp="2026-03-04T18:04:39.288486+00:00" hostname="agent-env-11ff8d56-de23-4f35-840e-1575f0908cb8"><testcase classname="backend.tests.test_v10_8_features.TestSubscriptionsEndpoint" name="test_get_subscription_plans_returns_200" time="13.167" /><testcase classname="backend.tests.test_v10_8_features.TestSubscriptionsEndpoint" name="test_subscription_plans_has_test_mode_flag" time="0.274" /><testcase classname="backend.tests.test_v10_8_features.TestSubscriptionsEndpoint" name="test_subscription_plans_structure" time="0.209" /><testcase classname="backend.tests.test_v10_8_features.TestDemoProjectsEndpoint" name="test_demo_projects_returns_200" time="0.227" /><testcase classname="backend.tests.test_v10_8_features.TestDemoProjectsEndpoint" name="test_demo_projects_returns_4_projects" time="0.252" /><testcase classname="backend.tests.test_v10_8_features.TestDemoProjectsEndpoint" name="test_demo_projects_have_required_fields" time="0.346" /><testcase classname="backend.tests.test_v10_8_features.TestAIDesignStatusEndpoint" name="test_ai_design_status_returns_200" time="0.443" /><testcase classname="backend.tests.test_v10_8_features.TestAIDesignStatusEndpoint" name="test_ai_design_status_has_counters" time="0.238" /><testcase classname="backend.tests.test_v10_8_features.TestTopCompaniesEndpoint" name="test_top_companies_returns_200" time="0.339" /><testcase classname="backend.tests.test_v10_8_features.TestTopCompaniesEndpoint" name="test_top_companies_returns_list" time="0.376" /><testcase classname="backend.tests.test_v10_8_features.TestAdsEndpoints" name="test_get_ads_returns_200" time="0.599" /><testcase classname="backend.tests.test_v10_8_features.TestAdsEndpoints" name="test_get_ads_returns_structure" time="0.273" /><testcase classname="backend.tests.test_v10_8_features.TestAdsEndpoints" name="test_create_ad_requires_auth" time="0.373" /><testcase classname="backend.tests.test_v10_8_features.TestUserRegistration" name="test_register_designer_succeeds" time="1.080" /><testcase classname="backend.tests.test_v10_8_features.TestUserRegistration" name="test_register_client_succeeds" time="0.800" /><testcase classname="backend.tests.test_v10_8_features.TestUserRegistration" name="test_register_master_succeeds" time="0.682" /><testcase classname="backend.tests.test_v10_8_features.TestUserRegistration" name="test_register_company_requires_bulstat" time="0.214" /><testcase classname="backend.tests.test_v10_8_features.TestUserRegistration" name="test_register_company_with_bulstat_succeeds" time="0.694" /><testcase classname="backend.tests.test_v10_8_features.TestReviewsCheckEndpoint" name="test_reviews_check_returns_200" time="0.172" /><testcase classname="backend.tests.test_v10_8_features.TestReviewsCheckEndpoint" name="test_reviews_check_approves_clean_comment" time="0.199" /><testcase classname="backend.tests.test_v10_8_features.TestReviewsCheckEndpoint" name="test_reviews_check_empty_comment" time="0.364" /><testcase classname="backend.tests.test_v10_8_features.TestAdCreationWithAuth" name="test_create_ad_with_auth_succeeds" time="1.028" /><testcase classname="backend.tests.test_v10_8_features.TestStatsEndpoint" name="test_stats_returns_200" time="0.256" /><testcase classname="backend.tests.test_v10_8_features.TestStatsEndpoint" name="test_stats_has_required_fields" time="0.289" /><testcase classname="backend.tests.test_v10_8_features.TestReferralsEndpoint" name="test_referrals_requires_auth" time="0.155" /></testsuite></testsuites>