<?xml version="1.0" encoding="utf-8"?><testsuites name="pytest tests"><testsuite name="pytest" errors="0" failures="0" skipped="1" tests="8" time="12.321" timestamp="2026-03-06T23:36:02.414509+00:00" hostname="agent-env-d0b81975-5b4f-4d72-ab0c-af163abff7ab"><testcase classname="backend.tests.test_iter58_temadom_designer.TestAuthAndSetup" name="test_api_health" time="5.659" /><testcase classname="backend.tests.test_iter58_temadom_designer.TestAuthAndSetup" name="test_login_works" time="0.592" /><testcase classname="backend.tests.test_iter58_temadom_designer.TestPhotoGenerateEndpoint" name="test_endpoint_requires_photo" time="0.153" /><testcase classname="backend.tests.test_iter58_temadom_designer.TestPhotoGenerateEndpoint" name="test_endpoint_accepts_all_form_fields" time="5.637" /><testcase classname="backend.tests.test_iter58_temadom_designer.TestPhotoGenerateEndpoint" name="test_response_structure_with_real_generation" time="0.001"><skipped type="pytest.skip" message="Skipping full AI generation test - takes 30-60+ seconds. Enable manually if needed.">/app/backend/tests/test_iter58_temadom_designer.py:156: Skipping full AI generation test - takes 30-60+ seconds. Enable manually if needed.</skipped></testcase><testcase classname="backend.tests.test_iter58_temadom_designer.TestRoomTypes" name="test_room_types_in_frontend_match_backend" time="0.001" /><testcase classname="backend.tests.test_iter58_temadom_designer.TestBudgetCalculation" name="test_budget_conversion_logic" time="0.001" /><testcase classname="backend.tests.test_iter58_temadom_designer.TestDesignerPageDataTestIds" name="test_expected_testids_documented" time="0.001" /></testsuite></testsuites>