<?xml version="1.0" encoding="utf-8"?><testsuites name="pytest tests"><testsuite name="pytest" errors="0" failures="0" skipped="0" tests="10" time="13.023" timestamp="2026-03-05T21:50:15.250467+00:00" hostname="agent-env-eaa70fa8-c360-4d8f-a712-5d13acfb129c"><testcase classname="backend.tests.test_iteration39_features.TestBackendAPIs" name="test_api_root" time="9.430" /><testcase classname="backend.tests.test_iteration39_features.TestBackendAPIs" name="test_categories" time="0.173" /><testcase classname="backend.tests.test_iteration39_features.TestBackendAPIs" name="test_stats_live" time="0.171" /><testcase classname="backend.tests.test_iteration39_features.TestPDFExports" name="test_export_plan_pdf" time="0.420" /><testcase classname="backend.tests.test_iteration39_features.TestPDFExports" name="test_export_contract_pdf" time="0.499" /><testcase classname="backend.tests.test_iteration39_features.TestPDFExports" name="test_export_video_pdf" time="0.277" /><testcase classname="backend.tests.test_iteration39_features.TestAuthLogin" name="test_login_with_test_account" time="0.709" /><testcase classname="backend.tests.test_iteration39_features.TestAuthLogin" name="test_auth_me_with_token" time="0.660" /><testcase classname="backend.tests.test_iteration39_features.TestCompaniesEndpoints" name="test_get_companies" time="0.173" /><testcase classname="backend.tests.test_iteration39_features.TestCompaniesEndpoints" name="test_get_projects" time="0.189" /></testsuite></testsuites>