<?xml version="1.0" encoding="utf-8"?><testsuites name="pytest tests"><testsuite name="pytest" errors="0" failures="0" skipped="0" tests="5" time="11.066" timestamp="2026-03-05T20:07:20.142702+00:00" hostname="agent-env-bb979832-dfee-4489-9789-457c95bb8cef"><testcase classname="backend.tests.test_stats_live.TestStatsLiveAPI" name="test_stats_live_returns_200" time="9.283" /><testcase classname="backend.tests.test_stats_live.TestStatsLiveAPI" name="test_stats_live_returns_valid_json" time="0.379" /><testcase classname="backend.tests.test_stats_live.TestStatsLiveAPI" name="test_stats_live_free_slots_structure" time="0.213" /><testcase classname="backend.tests.test_stats_live.TestStatsLiveAPI" name="test_stats_live_data_types" time="0.307" /><testcase classname="backend.tests.test_stats_live.TestStatsAPI" name="test_stats_returns_200" time="0.528" /></testsuite></testsuites>