<?xml version="1.0" encoding="utf-8"?><testsuites name="pytest tests"><testsuite name="pytest" errors="0" failures="0" skipped="0" tests="11" time="6.115" timestamp="2026-03-05T23:34:15.185949+00:00" hostname="agent-env-578b273e-b605-47bf-9e72-f954153ead3a"><testcase classname="backend.tests.test_leaderboard_theme.TestLeaderboardAPI" name="test_leaderboard_clients_endpoint" time="2.484" /><testcase classname="backend.tests.test_leaderboard_theme.TestLeaderboardAPI" name="test_leaderboard_firms_endpoint" time="0.193" /><testcase classname="backend.tests.test_leaderboard_theme.TestLeaderboardAPI" name="test_leaderboard_points_config_endpoint" time="0.189" /><testcase classname="backend.tests.test_leaderboard_theme.TestLeaderboardAPI" name="test_leaderboard_my_rank_requires_auth" time="0.221" /><testcase classname="backend.tests.test_leaderboard_theme.TestLeaderboardAPI" name="test_leaderboard_award_requires_auth" time="0.153" /><testcase classname="backend.tests.test_leaderboard_theme.TestRegistrationAwardsPoints" name="test_registration_awards_points" time="0.662" /><testcase classname="backend.tests.test_leaderboard_theme.TestLeaderboardAwardWithAuth" name="test_award_daily_login_points" time="0.695" /><testcase classname="backend.tests.test_leaderboard_theme.TestLeaderboardAwardWithAuth" name="test_award_invalid_action_fails" time="0.649" /><testcase classname="backend.tests.test_leaderboard_theme.TestCategoriesAndStats" name="test_categories_endpoint" time="0.179" /><testcase classname="backend.tests.test_leaderboard_theme.TestCategoriesAndStats" name="test_stats_endpoint" time="0.358" /><testcase classname="backend.tests.test_leaderboard_theme.TestCategoriesAndStats" name="test_live_stats_endpoint" time="0.139" /></testsuite></testsuites>