<?xml version="1.0" encoding="utf-8"?><testsuites name="pytest tests"><testsuite name="pytest" errors="0" failures="0" skipped="0" tests="19" time="8.620" timestamp="2026-03-05T01:52:48.485780+00:00" hostname="agent-env-31e06d32-d87b-422f-94cc-2e66f1a1a642"><testcase classname="backend.tests.test_iteration22_homepage_pricing.TestBackendEURPricing" name="test_subscriptions_plans_endpoint_returns_200" time="4.464" /><testcase classname="backend.tests.test_iteration22_homepage_pricing.TestBackendEURPricing" name="test_starter_price_17_eur" time="0.188" /><testcase classname="backend.tests.test_iteration22_homepage_pricing.TestBackendEURPricing" name="test_pro_price_35_eur" time="0.122" /><testcase classname="backend.tests.test_iteration22_homepage_pricing.TestBackendEURPricing" name="test_premium_price_69_eur" time="0.149" /><testcase classname="backend.tests.test_iteration22_homepage_pricing.TestBackendEURPricing" name="test_standalone_pdf_contract_5_eur" time="0.213" /><testcase classname="backend.tests.test_iteration22_homepage_pricing.TestBackendEURPricing" name="test_standalone_ai_blueprint_15_eur" time="0.277" /><testcase classname="backend.tests.test_iteration22_homepage_pricing.TestBackendEURPricing" name="test_ai_designer_10_eur_per_gen" time="0.237" /><testcase classname="backend.tests.test_iteration22_homepage_pricing.TestBackendEURPricing" name="test_ai_designer_bundle_prices" time="0.251" /><testcase classname="backend.tests.test_iteration22_homepage_pricing.TestBackendEURPricing" name="test_starter_has_limitations" time="0.245" /><testcase classname="backend.tests.test_iteration22_homepage_pricing.TestBackendEURPricing" name="test_pro_has_ai_designer_1_variant_limitation" time="0.231" /><testcase classname="backend.tests.test_iteration22_homepage_pricing.TestPagesLoad" name="test_homepage_loads" time="0.269" /><testcase classname="backend.tests.test_iteration22_homepage_pricing.TestPagesLoad" name="test_ai_designer_page_loads" time="0.137" /><testcase classname="backend.tests.test_iteration22_homepage_pricing.TestPagesLoad" name="test_ai_sketch_page_loads" time="0.175" /><testcase classname="backend.tests.test_iteration22_homepage_pricing.TestPagesLoad" name="test_ai_gallery_page_loads" time="0.266" /><testcase classname="backend.tests.test_iteration22_homepage_pricing.TestPagesLoad" name="test_calculator_page_loads" time="0.225" /><testcase classname="backend.tests.test_iteration22_homepage_pricing.TestPagesLoad" name="test_subscriptions_page_loads" time="0.250" /><testcase classname="backend.tests.test_iteration22_homepage_pricing.TestAPIEndpoints" name="test_stats_endpoint" time="0.214" /><testcase classname="backend.tests.test_iteration22_homepage_pricing.TestAPIEndpoints" name="test_categories_endpoint" time="0.127" /><testcase classname="backend.tests.test_iteration22_homepage_pricing.TestAPIEndpoints" name="test_ai_designer_published_endpoint" time="0.191" /></testsuite></testsuites>