<?xml version="1.0" encoding="utf-8"?><testsuites name="pytest tests"><testsuite name="pytest" errors="0" failures="0" skipped="0" tests="8" time="2.513" timestamp="2026-03-07T00:35:23.791482+00:00" hostname="agent-env-fa1faf2d-2795-47bd-b339-2f0cc026dae3"><testcase classname="backend.tests.test_iter60_budget_testai.TestAPIHealth" name="test_api_root" time="0.228" /><testcase classname="backend.tests.test_iter60_budget_testai.TestAPIHealth" name="test_login_test_user" time="0.523" /><testcase classname="backend.tests.test_iter60_budget_testai.TestAIDiagnosticEndpoint" name="test_test_ai_endpoint_exists" time="0.709" /><testcase classname="backend.tests.test_iter60_budget_testai.TestAIDesignerValidation" name="test_ai_designer_no_photos_validation" time="0.147" /><testcase classname="backend.tests.test_iter60_budget_testai.TestAIDesignerValidation" name="test_ai_designer_budget_passed" time="0.142" /><testcase classname="backend.tests.test_iter60_budget_testai.TestExistingTimeoutFixes" name="test_categories_endpoint" time="0.188" /><testcase classname="backend.tests.test_iter60_budget_testai.TestExistingTimeoutFixes" name="test_stats_endpoint" time="0.239" /><testcase classname="backend.tests.test_iter60_budget_testai.TestExistingTimeoutFixes" name="test_reviews_endpoint" time="0.149" /></testsuite></testsuites>