<?xml version="1.0" encoding="utf-8"?><testsuites name="pytest tests"><testsuite name="pytest" errors="0" failures="0" skipped="0" tests="12" time="6.687" timestamp="2026-03-06T22:51:44.443172+00:00" hostname="agent-env-d0b81975-5b4f-4d72-ab0c-af163abff7ab"><testcase classname="backend.tests.test_iteration55_p1_features.TestAPIBasics" name="test_api_root_accessible" time="3.922" /><testcase classname="backend.tests.test_iteration55_p1_features.TestReferralsAPI" name="test_referrals_status_requires_auth" time="0.175" /><testcase classname="backend.tests.test_iteration55_p1_features.TestReferralsAPI" name="test_referrals_status_returns_correct_structure" time="1.293" /><testcase classname="backend.tests.test_iteration55_p1_features.TestReferralsAPI" name="test_referrals_apply_requires_auth" time="0.147" /><testcase classname="backend.tests.test_iteration55_p1_features.TestReferralsAPI" name="test_referrals_apply_rejects_empty_code" time="0.330" /><testcase classname="backend.tests.test_iteration55_p1_features.TestReferralsAPI" name="test_referrals_apply_rejects_self_referral" time="0.161" /><testcase classname="backend.tests.test_iteration55_p1_features.TestReferralsAPI" name="test_referrals_apply_rejects_invalid_code" time="0.171" /><testcase classname="backend.tests.test_iteration55_p1_features.TestFBPixelPresence" name="test_fb_pixel_script_in_index_html" time="0.001" /><testcase classname="backend.tests.test_iteration55_p1_features.TestProductSearchShareButtons" name="test_share_buttons_data_testids_in_code" time="0.001" /><testcase classname="backend.tests.test_iteration55_p1_features.TestAIDesignerDownloadFullscreen" name="test_download_fullscreen_buttons_data_testids_in_code" time="0.001" /><testcase classname="backend.tests.test_iteration55_p1_features.TestProfilePageTabs" name="test_profile_page_tabs_in_code" time="0.001" /><testcase classname="backend.tests.test_iteration55_p1_features.TestReferralsTabUI" name="test_referrals_tab_elements_in_code" time="0.001" /></testsuite></testsuites>