<?xml version="1.0" encoding="utf-8"?><testsuites name="pytest tests"><testsuite name="pytest" errors="0" failures="0" skipped="0" tests="8" time="3.890" timestamp="2026-03-05T03:47:03.434883+00:00" hostname="agent-env-fa79f17c-18ff-4439-a64a-0d66357d8e25"><testcase classname="backend.tests.test_ai_chart.TestAIChartAnalyzeEndpoint" name="test_stairs_type_returns_correct_data" time="1.007" /><testcase classname="backend.tests.test_ai_chart.TestAIChartAnalyzeEndpoint" name="test_foundation_type_returns_correct_data" time="0.173" /><testcase classname="backend.tests.test_ai_chart.TestAIChartAnalyzeEndpoint" name="test_walls_type_returns_correct_data" time="0.166" /><testcase classname="backend.tests.test_ai_chart.TestAIChartAnalyzeEndpoint" name="test_missing_image_returns_400_error" time="0.131" /><testcase classname="backend.tests.test_ai_chart.TestAIChartAnalyzeEndpoint" name="test_auto_type_defaults_to_stairs" time="1.682" /><testcase classname="backend.tests.test_ai_chart.TestAIChartAnalyzeEndpoint" name="test_empty_image_returns_400_error" time="0.167" /><testcase classname="backend.tests.test_ai_chart.TestAIChartAnalyzeEndpoint" name="test_response_contains_contract_data" time="0.176" /><testcase classname="backend.tests.test_ai_chart.TestHealthAndRoot" name="test_api_root" time="0.127" /></testsuite></testsuites>