<?xml version="1.0" encoding="utf-8"?><testsuites name="pytest tests"><testsuite name="pytest" errors="0" failures="0" skipped="0" tests="11" time="13.709" timestamp="2026-03-05T22:10:48.795633+00:00" hostname="agent-env-eaa70fa8-c360-4d8f-a712-5d13acfb129c"><testcase classname="backend.tests.test_iteration40_features.TestIteration40Backend" name="test_api_health" time="7.565" /><testcase classname="backend.tests.test_iteration40_features.TestIteration40Backend" name="test_login_with_test_account" time="0.920" /><testcase classname="backend.tests.test_iteration40_features.TestIteration40Backend" name="test_auth_me_endpoint" time="0.738" /><testcase classname="backend.tests.test_iteration40_features.TestIteration40Backend" name="test_put_auth_profile_update_name" time="0.689" /><testcase classname="backend.tests.test_iteration40_features.TestIteration40Backend" name="test_put_auth_profile_update_city" time="0.633" /><testcase classname="backend.tests.test_iteration40_features.TestIteration40Backend" name="test_put_auth_profile_update_website" time="0.688" /><testcase classname="backend.tests.test_iteration40_features.TestIteration40Backend" name="test_put_auth_profile_update_description" time="0.673" /><testcase classname="backend.tests.test_iteration40_features.TestIteration40Backend" name="test_put_auth_profile_empty_data_rejected" time="0.806" /><testcase classname="backend.tests.test_iteration40_features.TestIteration40Backend" name="test_put_auth_profile_requires_auth" time="0.225" /><testcase classname="backend.tests.test_iteration40_features.TestIteration40Backend" name="test_categories_endpoint" time="0.236" /><testcase classname="backend.tests.test_iteration40_features.TestIteration40Backend" name="test_stats_live_endpoint" time="0.213" /></testsuite></testsuites>