<?xml version="1.0" encoding="utf-8"?><testsuites name="pytest tests"><testsuite name="pytest" errors="0" failures="0" skipped="0" tests="18" time="3.552" timestamp="2026-03-07T16:28:23.499270+00:00" hostname="agent-env-18e8d912-d341-4e60-98af-c0886f912193"><testcase classname="backend.tests.test_iteration73_chat_scrapers.TestHealthEndpoints" name="test_health_returns_ok" time="1.284" /><testcase classname="backend.tests.test_iteration73_chat_scrapers.TestCategories" name="test_categories_returns_21_with_section_field" time="0.069" /><testcase classname="backend.tests.test_iteration73_chat_scrapers.TestCategories" name="test_categories_filter_construction" time="0.069" /><testcase classname="backend.tests.test_iteration73_chat_scrapers.TestProjects" name="test_projects_filter_renovation" time="0.073" /><testcase classname="backend.tests.test_iteration73_chat_scrapers.TestAuth" name="test_register_user1" time="0.407" /><testcase classname="backend.tests.test_iteration73_chat_scrapers.TestAuth" name="test_register_user2" time="0.343" /><testcase classname="backend.tests.test_iteration73_chat_scrapers.TestAuth" name="test_login_user" time="0.353" /><testcase classname="backend.tests.test_iteration73_chat_scrapers.TestChatEnhancements" name="test_online_status_nonexistent_user" time="0.068" /><testcase classname="backend.tests.test_iteration73_chat_scrapers.TestChatEnhancements" name="test_typing_indicator_requires_auth" time="0.064" /><testcase classname="backend.tests.test_iteration73_chat_scrapers.TestChatEnhancements" name="test_typing_indicator_with_auth" time="0.082" /><testcase classname="backend.tests.test_iteration73_chat_scrapers.TestChatEnhancements" name="test_online_heartbeat_requires_auth" time="0.061" /><testcase classname="backend.tests.test_iteration73_chat_scrapers.TestChatEnhancements" name="test_online_heartbeat_with_auth" time="0.073" /><testcase classname="backend.tests.test_iteration73_chat_scrapers.TestChatEnhancements" name="test_mark_message_read_requires_auth" time="0.069" /><testcase classname="backend.tests.test_iteration73_chat_scrapers.TestChatEnhancements" name="test_mark_message_read_with_auth" time="0.061" /><testcase classname="backend.tests.test_iteration73_chat_scrapers.TestChatEnhancements" name="test_get_typing_status_requires_auth" time="0.059" /><testcase classname="backend.tests.test_iteration73_chat_scrapers.TestChatEnhancements" name="test_get_typing_status_with_auth" time="0.061" /><testcase classname="backend.tests.test_iteration73_chat_scrapers.TestSubscriptionPlans" name="test_subscription_config_endpoint" time="0.062" /><testcase classname="backend.tests.test_iteration73_chat_scrapers.TestScraperConfiguration" name="test_stats_live_returns_data" time="0.130" /></testsuite></testsuites>