<?xml version="1.0" encoding="utf-8"?><testsuites name="pytest tests"><testsuite name="pytest" errors="0" failures="0" skipped="0" tests="14" time="4.371" timestamp="2026-03-06T18:56:53.143830+00:00" hostname="agent-env-77aa565a-f030-4c10-918d-6c2df57b41d3"><testcase classname="tests.test_iteration44_v7_features.TestBasicEndpoints" name="test_api_root" time="0.201" /><testcase classname="tests.test_iteration44_v7_features.TestBasicEndpoints" name="test_categories_endpoint" time="0.148" /><testcase classname="tests.test_iteration44_v7_features.TestLiveStatsAndSlots" name="test_live_stats_returns_56_total" time="0.150" /><testcase classname="tests.test_iteration44_v7_features.TestAIDesignerPhotoGenerate" name="test_photo_generate_endpoint_exists" time="0.288" /><testcase classname="tests.test_iteration44_v7_features.TestAIDesignerPhotoGenerate" name="test_photo_generate_requires_photo" time="0.143" /><testcase classname="tests.test_iteration44_v7_features.TestAIDesignerMyProjects" name="test_my_projects_requires_auth" time="0.170" /><testcase classname="tests.test_iteration44_v7_features.TestAIDesignerProjectById" name="test_project_by_id_returns_404_for_invalid" time="0.157" /><testcase classname="tests.test_iteration44_v7_features.TestRegionalFirmLimit" name="test_register_validates_company_bulstat" time="0.157" /><testcase classname="tests.test_iteration44_v7_features.TestRegionalFirmLimit" name="test_register_validates_bulstat_format" time="0.204" /><testcase classname="tests.test_iteration44_v7_features.TestUserAuthentication" name="test_register_client" time="0.509" /><testcase classname="tests.test_iteration44_v7_features.TestUserAuthentication" name="test_login" time="0.999" /><testcase classname="tests.test_iteration44_v7_features.TestMyProjectsWithAuth" name="test_my_projects_with_auth" time="0.715" /><testcase classname="tests.test_iteration44_v7_features.TestLogoEndpoint" name="test_logo_file_exists" time="0.224" /><testcase classname="tests.test_iteration44_v7_features.TestShareProjectEndpoint" name="test_share_project_requires_auth" time="0.145" /></testsuite></testsuites>