<?xml version="1.0" encoding="utf-8"?><testsuites name="pytest tests"><testsuite name="pytest" errors="0" failures="0" skipped="0" tests="12" time="11.879" timestamp="2026-03-05T08:39:40.630454+00:00" hostname="agent-env-608a86de-1c97-44ce-9910-62d392ff3ed3"><testcase classname="backend.tests.test_iteration29_ai_features.TestHealthAndBasicEndpoints" name="test_api_health" time="3.336" /><testcase classname="backend.tests.test_iteration29_ai_features.TestHealthAndBasicEndpoints" name="test_categories_endpoint" time="0.125" /><testcase classname="backend.tests.test_iteration29_ai_features.TestAISketchEndpoint" name="test_ai_sketch_no_sketches" time="0.166" /><testcase classname="backend.tests.test_iteration29_ai_features.TestAISketchEndpoint" name="test_ai_sketch_with_test_image" time="1.179" /><testcase classname="backend.tests.test_iteration29_ai_features.TestAISketchEndpoint" name="test_ai_sketch_with_different_building_types" time="4.836" /><testcase classname="backend.tests.test_iteration29_ai_features.TestIADesignerEndpoint" name="test_ai_designer_no_image" time="0.127" /><testcase classname="backend.tests.test_iteration29_ai_features.TestIADesignerEndpoint" name="test_ai_designer_gallery_endpoint" time="0.153" /><testcase classname="backend.tests.test_iteration29_ai_features.TestIADesignerEndpoint" name="test_ai_designer_published_endpoint" time="0.127" /><testcase classname="backend.tests.test_iteration29_ai_features.TestNavigationAndRoutes" name="test_homepage_loads" time="0.135" /><testcase classname="backend.tests.test_iteration29_ai_features.TestNavigationAndRoutes" name="test_ai_sketch_route" time="0.158" /><testcase classname="backend.tests.test_iteration29_ai_features.TestNavigationAndRoutes" name="test_room_scan_route" time="0.129" /><testcase classname="backend.tests.test_iteration29_ai_features.TestThreeJsViewerRequirements" name="test_ai_sketch_returns_valid_glb" time="0.773" /></testsuite></testsuites>