<?xml version="1.0" encoding="utf-8"?><testsuites name="pytest tests"><testsuite name="pytest" errors="0" failures="0" skipped="0" tests="8" time="6.424" timestamp="2026-03-05T21:30:00.936789+00:00" hostname="agent-env-eaa70fa8-c360-4d8f-a712-5d13acfb129c"><testcase classname="backend.tests.test_pdf_exports_iter38.TestHealthCheck" name="test_api_root" time="4.338" /><testcase classname="backend.tests.test_pdf_exports_iter38.TestHealthCheck" name="test_api_stats" time="0.153" /><testcase classname="backend.tests.test_pdf_exports_iter38.TestPDFExports" name="test_export_cad_plan_pdf" time="0.641" /><testcase classname="backend.tests.test_pdf_exports_iter38.TestPDFExports" name="test_export_contract_pdf" time="0.253" /><testcase classname="backend.tests.test_pdf_exports_iter38.TestPDFExports" name="test_export_video_designer_pdf" time="0.193" /><testcase classname="backend.tests.test_pdf_exports_iter38.TestPDFExports" name="test_export_pdf_with_empty_elements" time="0.214" /><testcase classname="backend.tests.test_pdf_exports_iter38.TestPDFExports" name="test_export_contract_with_minimal_data" time="0.242" /><testcase classname="backend.tests.test_pdf_exports_iter38.TestCategories" name="test_categories_endpoint" time="0.158" /></testsuite></testsuites>