<?xml version="1.0" encoding="utf-8"?><testsuites name="pytest tests"><testsuite name="pytest" errors="0" failures="0" skipped="0" tests="22" time="6.193" timestamp="2026-03-05T00:18:15.258508+00:00" hostname="agent-env-5a862d92-168b-4f57-a7bc-c97ab616a3e4"><testcase classname="backend.tests.test_phase3_gallery.TestPublishedProjectsPublic" name="test_get_published_projects_list" time="0.320" /><testcase classname="backend.tests.test_phase3_gallery.TestPublishedProjectsPublic" name="test_get_published_projects_with_filters" time="0.158" /><testcase classname="backend.tests.test_phase3_gallery.TestPublishedProjectsPublic" name="test_get_published_projects_sort_by_popular" time="0.138" /><testcase classname="backend.tests.test_phase3_gallery.TestPublishedProjectsPublic" name="test_get_published_projects_sort_by_top_rated" time="0.222" /><testcase classname="backend.tests.test_phase3_gallery.TestPublishedProjectsAuth" name="test_publish_project_requires_auth" time="0.156" /><testcase classname="backend.tests.test_phase3_gallery.TestPublishedProjectsAuth" name="test_like_requires_auth" time="0.374" /><testcase classname="backend.tests.test_phase3_gallery.TestPublishedProjectsAuth" name="test_comment_requires_auth" time="0.123" /><testcase classname="backend.tests.test_phase3_gallery.TestPublishedProjectsAuth" name="test_rate_requires_auth" time="0.154" /><testcase classname="backend.tests.test_phase3_gallery.TestPublishedProjectsAuth" name="test_toggle_like_with_auth" time="0.580" /><testcase classname="backend.tests.test_phase3_gallery.TestPublishedProjectsAuth" name="test_add_comment_with_auth" time="0.141" /><testcase classname="backend.tests.test_phase3_gallery.TestPublishedProjectsAuth" name="test_add_comment_empty_rejected" time="0.119" /><testcase classname="backend.tests.test_phase3_gallery.TestPublishedProjectsAuth" name="test_rate_project_with_auth" time="0.129" /><testcase classname="backend.tests.test_phase3_gallery.TestPublishedProjectsAuth" name="test_rate_project_invalid_rating" time="0.242" /><testcase classname="backend.tests.test_phase3_gallery.TestPublishedProjectsDetail" name="test_get_project_detail" time="0.312" /><testcase classname="backend.tests.test_phase3_gallery.TestPublishedProjectsDetail" name="test_get_nonexistent_project_returns_404" time="0.155" /><testcase classname="backend.tests.test_phase3_gallery.TestPublishedProjectsPDF" name="test_download_design_pdf" time="1.219" /><testcase classname="backend.tests.test_phase3_gallery.TestPublishedProjectsPDF" name="test_download_survey_pdf" time="0.332" /><testcase classname="backend.tests.test_phase3_gallery.TestPublishedProjectsPDF" name="test_design_pdf_nonexistent_returns_404" time="0.120" /><testcase classname="backend.tests.test_phase3_gallery.TestPublishedProjectsPDF" name="test_survey_pdf_nonexistent_returns_404" time="0.138" /><testcase classname="backend.tests.test_phase3_gallery.TestPublishProject" name="test_publish_project_missing_title" time="0.607" /><testcase classname="backend.tests.test_phase3_gallery.TestPublishProject" name="test_publish_project_missing_before_images" time="0.124" /><testcase classname="backend.tests.test_phase3_gallery.TestPublishProject" name="test_publish_project_missing_after_images" time="0.149" /></testsuite></testsuites>