<?xml version="1.0" encoding="utf-8"?><testsuites name="pytest tests"><testsuite name="pytest" errors="0" failures="0" skipped="0" tests="4" time="49.935" timestamp="2026-03-06T21:24:57.571855+00:00" hostname="agent-env-1ffde544-0747-4fb9-98ad-f9c0d7e4a375"><testcase classname="backend.tests.test_iteration51.TestAIDesignerPhotoGenerate" name="test_photo_generate_endpoint_exists" time="48.163" /><testcase classname="backend.tests.test_iteration51.TestAuthLogin" name="test_login_works" time="0.887" /><testcase classname="backend.tests.test_iteration51.TestHealthEndpoints" name="test_api_root" time="0.333" /><testcase classname="backend.tests.test_iteration51.TestHealthEndpoints" name="test_stats_live" time="0.187" /></testsuite></testsuites>