<?xml version="1.0" encoding="utf-8"?><testsuites name="pytest tests"><testsuite name="pytest" errors="0" failures="0" skipped="0" tests="12" time="3.419" timestamp="2026-03-07T14:20:13.715006+00:00" hostname="agent-env-ceefb6a0-5416-4b3e-8173-ab528c3ee118"><testcase classname="backend.tests.test_iteration70_showcase.TestDesignerRejection" name="test_register_designer_rejected" time="0.905" /><testcase classname="backend.tests.test_iteration70_showcase.TestDesignerRejection" name="test_register_client_works" time="0.398" /><testcase classname="backend.tests.test_iteration70_showcase.TestDesignerRejection" name="test_register_master_works" time="0.392" /><testcase classname="backend.tests.test_iteration70_showcase.TestPublicEndpoints" name="test_companies_endpoint" time="0.148" /><testcase classname="backend.tests.test_iteration70_showcase.TestPublicEndpoints" name="test_companies_filter_company" time="0.149" /><testcase classname="backend.tests.test_iteration70_showcase.TestPublicEndpoints" name="test_companies_filter_master" time="0.134" /><testcase classname="backend.tests.test_iteration70_showcase.TestPublicEndpoints" name="test_categories_endpoint" time="0.124" /><testcase classname="backend.tests.test_iteration70_showcase.TestPublicEndpoints" name="test_stats_live_endpoint" time="0.204" /><testcase classname="backend.tests.test_iteration70_showcase.TestAuthEndpoints" name="test_login_invalid_credentials" time="0.201" /><testcase classname="backend.tests.test_iteration70_showcase.TestAuthEndpoints" name="test_google_callback_requires_session_id" time="0.170" /><testcase classname="backend.tests.test_iteration70_showcase.TestAuthEndpoints" name="test_google_callback_invalid_session" time="0.237" /><testcase classname="backend.tests.test_iteration70_showcase.TestPricingEndpoints" name="test_payment_packages_available" time="0.113" /></testsuite></testsuites>