<?xml version="1.0" encoding="utf-8"?><testsuites name="pytest tests"><testsuite name="pytest" errors="0" failures="0" skipped="0" tests="18" time="6.214" timestamp="2026-03-04T22:54:23.414548+00:00" hostname="agent-env-d35821f6-7028-41b6-9fd4-ed2c1b437a90"><testcase classname="backend.tests.test_phase3_features.TestFeedbackAPI" name="test_post_feedback_success" time="0.300" /><testcase classname="backend.tests.test_phase3_features.TestFeedbackAPI" name="test_post_feedback_with_rating_only" time="0.423" /><testcase classname="backend.tests.test_phase3_features.TestFeedbackAPI" name="test_get_feedback_list" time="0.241" /><testcase classname="backend.tests.test_phase3_features.TestCoreEndpoints" name="test_root_api" time="0.157" /><testcase classname="backend.tests.test_phase3_features.TestCoreEndpoints" name="test_stats_endpoint" time="0.197" /><testcase classname="backend.tests.test_phase3_features.TestCoreEndpoints" name="test_categories_endpoint" time="0.166" /><testcase classname="backend.tests.test_phase3_features.TestCoreEndpoints" name="test_demo_projects_endpoint" time="0.235" /><testcase classname="backend.tests.test_phase3_features.TestCoreEndpoints" name="test_top_companies_endpoint" time="0.198" /><testcase classname="backend.tests.test_phase3_features.TestCoreEndpoints" name="test_subscription_plans_endpoint" time="0.161" /><testcase classname="backend.tests.test_phase3_features.TestCoreEndpoints" name="test_ai_design_status_endpoint" time="0.172" /><testcase classname="backend.tests.test_phase3_features.TestCoreEndpoints" name="test_companies_list_endpoint" time="0.245" /><testcase classname="backend.tests.test_phase3_features.TestCoreEndpoints" name="test_projects_list_endpoint" time="0.266" /><testcase classname="backend.tests.test_phase3_features.TestCoreEndpoints" name="test_ads_list_endpoint" time="0.178" /><testcase classname="backend.tests.test_phase3_features.TestRegistrationEndpoints" name="test_register_client" time="0.597" /><testcase classname="backend.tests.test_phase3_features.TestRegistrationEndpoints" name="test_register_master" time="0.795" /><testcase classname="backend.tests.test_phase3_features.TestRegistrationEndpoints" name="test_register_company_requires_bulstat" time="0.272" /><testcase classname="backend.tests.test_phase3_features.TestRegistrationEndpoints" name="test_register_company_with_bulstat" time="0.566" /><testcase classname="backend.tests.test_phase3_features.TestRegistrationEndpoints" name="test_register_designer" time="0.708" /></testsuite></testsuites>