<?xml version="1.0" encoding="utf-8"?><testsuites name="pytest tests"><testsuite name="pytest" errors="0" failures="0" skipped="0" tests="10" time="5.372" timestamp="2026-03-07T13:53:51.231463+00:00" hostname="agent-env-ceefb6a0-5416-4b3e-8173-ab528c3ee118"><testcase classname="backend.tests.test_iteration68_google_auth.TestRegistrationValidation" name="test_register_client_works" time="2.884" /><testcase classname="backend.tests.test_iteration68_google_auth.TestRegistrationValidation" name="test_register_company_works" time="0.402" /><testcase classname="backend.tests.test_iteration68_google_auth.TestRegistrationValidation" name="test_register_master_works" time="0.448" /><testcase classname="backend.tests.test_iteration68_google_auth.TestRegistrationValidation" name="test_register_designer_rejected" time="0.160" /><testcase classname="backend.tests.test_iteration68_google_auth.TestGoogleAuthEndpoint" name="test_google_callback_endpoint_exists" time="0.153" /><testcase classname="backend.tests.test_iteration68_google_auth.TestGoogleAuthEndpoint" name="test_google_callback_requires_session_id" time="0.124" /><testcase classname="backend.tests.test_iteration68_google_auth.TestGoogleAuthEndpoint" name="test_google_callback_invalid_session" time="0.239" /><testcase classname="backend.tests.test_iteration68_google_auth.TestAuthEndpoints" name="test_login_with_test_user" time="0.379" /><testcase classname="backend.tests.test_iteration68_google_auth.TestStatsEndpoint" name="test_stats_live" time="0.145" /><testcase classname="backend.tests.test_iteration68_google_auth.TestCategories" name="test_categories_no_designer" time="0.127" /></testsuite></testsuites>