<?xml version="1.0" encoding="utf-8"?><testsuites name="pytest tests"><testsuite name="pytest" errors="0" failures="0" skipped="0" tests="18" time="9.386" timestamp="2026-03-07T12:51:32.944311+00:00" hostname="agent-env-12f982ad-8272-4f73-8b87-302243ec4451"><testcase classname="backend.tests.test_subscriptions_iter65.TestSubscriptionAPIs" name="test_get_subscription_plans" time="1.018" /><testcase classname="backend.tests.test_subscriptions_iter65.TestSubscriptionAPIs" name="test_plans_have_required_fields" time="0.228" /><testcase classname="backend.tests.test_subscriptions_iter65.TestSubscriptionAPIs" name="test_activate_basic_plan" time="0.151" /><testcase classname="backend.tests.test_subscriptions_iter65.TestSubscriptionAPIs" name="test_activate_pro_plan" time="0.219" /><testcase classname="backend.tests.test_subscriptions_iter65.TestSubscriptionAPIs" name="test_activate_premium_plan" time="0.210" /><testcase classname="backend.tests.test_subscriptions_iter65.TestSubscriptionAPIs" name="test_get_my_subscription" time="0.209" /><testcase classname="backend.tests.test_subscriptions_iter65.TestSubscriptionAPIs" name="test_subscription_has_days_remaining" time="0.207" /><testcase classname="backend.tests.test_subscriptions_iter65.TestSubscriptionAPIs" name="test_get_my_limits" time="0.245" /><testcase classname="backend.tests.test_subscriptions_iter65.TestSubscriptionAPIs" name="test_pro_plan_has_pdf_contracts_enabled" time="0.506" /><testcase classname="backend.tests.test_subscriptions_iter65.TestSubscriptionAPIs" name="test_basic_plan_has_pdf_contracts_disabled" time="0.600" /><testcase classname="backend.tests.test_subscriptions_iter65.TestSubscriptionAPIs" name="test_check_feature_pdf_contracts_pro" time="0.615" /><testcase classname="backend.tests.test_subscriptions_iter65.TestSubscriptionAPIs" name="test_check_feature_pdf_contracts_basic" time="0.384" /><testcase classname="backend.tests.test_subscriptions_iter65.TestSubscriptionAPIs" name="test_check_feature_offers" time="0.397" /><testcase classname="backend.tests.test_subscriptions_iter65.TestSubscriptionAPIs" name="test_auth_me_includes_subscription_plan" time="0.275" /><testcase classname="backend.tests.test_subscriptions_iter65.TestSubscriptionAPIs" name="test_switch_between_plans" time="0.757" /><testcase classname="backend.tests.test_subscriptions_iter65.TestSubscriptionLimits" name="test_basic_plan_limits" time="1.283" /><testcase classname="backend.tests.test_subscriptions_iter65.TestSubscriptionLimits" name="test_pro_plan_limits" time="0.399" /><testcase classname="backend.tests.test_subscriptions_iter65.TestSubscriptionLimits" name="test_premium_plan_team_members" time="1.278" /></testsuite></testsuites>