<?xml version="1.0" encoding="utf-8"?><testsuites name="pytest tests"><testsuite name="pytest" errors="0" failures="0" skipped="0" tests="19" time="14.417" timestamp="2026-03-07T17:37:07.534698+00:00" hostname="agent-env-d3c78b87-9639-47f0-a260-e6a479f1502e"><testcase classname="backend.tests.test_iteration76_p1_features.TestSubscriptionFlow" name="test_subscription_plans_available" time="4.714" /><testcase classname="backend.tests.test_iteration76_p1_features.TestSubscriptionFlow" name="test_activate_pro_subscription" time="0.785" /><testcase classname="backend.tests.test_iteration76_p1_features.TestSubscriptionFlow" name="test_get_my_subscription_status" time="0.075" /><testcase classname="backend.tests.test_iteration76_p1_features.TestSubscriptionFlow" name="test_check_feature_access_telegram" time="0.126" /><testcase classname="backend.tests.test_iteration76_p1_features.TestSubscriptionFlow" name="test_subscription_limits" time="0.067" /><testcase classname="backend.tests.test_iteration76_p1_features.TestChatOnlineStatus" name="test_send_heartbeat" time="0.576" /><testcase classname="backend.tests.test_iteration76_p1_features.TestChatOnlineStatus" name="test_check_online_status" time="0.353" /><testcase classname="backend.tests.test_iteration76_p1_features.TestChatOnlineStatus" name="test_conversations_include_online_status" time="0.083" /><testcase classname="backend.tests.test_iteration76_p1_features.TestChatTypingIndicators" name="test_send_typing_indicator" time="0.693" /><testcase classname="backend.tests.test_iteration76_p1_features.TestChatTypingIndicators" name="test_get_typing_status" time="0.072" /><testcase classname="backend.tests.test_iteration76_p1_features.TestChatReadReceipts" name="test_messages_have_read_field" time="0.080" /><testcase classname="backend.tests.test_iteration76_p1_features.TestChatReadReceipts" name="test_mark_message_read" time="0.180" /><testcase classname="backend.tests.test_iteration76_p1_features.TestProductScraping" name="test_get_stores_list" time="0.072" /><testcase classname="backend.tests.test_iteration76_p1_features.TestProductScraping" name="test_product_search_all_stores" time="4.610" /><testcase classname="backend.tests.test_iteration76_p1_features.TestProductScraping" name="test_product_search_single_store" time="0.337" /><testcase classname="backend.tests.test_iteration76_p1_features.TestProductScraping" name="test_product_search_query_validation" time="0.061" /><testcase classname="backend.tests.test_iteration76_p1_features.TestBasicEndpoints" name="test_health_check" time="0.069" /><testcase classname="backend.tests.test_iteration76_p1_features.TestBasicEndpoints" name="test_company_user_login" time="0.379" /><testcase classname="backend.tests.test_iteration76_p1_features.TestBasicEndpoints" name="test_chat_users_login" time="0.714" /></testsuite></testsuites>