<?xml version="1.0" encoding="utf-8"?><testsuites name="pytest tests"><testsuite name="pytest" errors="0" failures="0" skipped="0" tests="8" time="4.352" timestamp="2026-02-27T10:27:58.520066+00:00" hostname="agent-env-3e834d1b-4c5e-4437-be41-f915139ff4d3"><testcase classname="backend.tests.test_iteration10_find_master.TestCompaniesEndpointFiltering" name="test_companies_endpoint_works" time="0.663" /><testcase classname="backend.tests.test_iteration10_find_master.TestCompaniesEndpointFiltering" name="test_filter_by_user_type_master" time="0.763" /><testcase classname="backend.tests.test_iteration10_find_master.TestCompaniesEndpointFiltering" name="test_filter_by_user_type_company" time="0.211" /><testcase classname="backend.tests.test_iteration10_find_master.TestCompaniesEndpointFiltering" name="test_filter_by_user_type_all" time="0.471" /><testcase classname="backend.tests.test_iteration10_find_master.TestCompaniesEndpointFiltering" name="test_combined_filters" time="0.157" /><testcase classname="backend.tests.test_iteration10_find_master.TestStatsEndpoint" name="test_stats_endpoint" time="0.202" /><testcase classname="backend.tests.test_iteration10_find_master.TestCategoriesEndpoint" name="test_categories_endpoint" time="0.169" /><testcase classname="backend.tests.test_iteration10_find_master.TestHealthCheck" name="test_api_root" time="0.164" /></testsuite></testsuites>