<?xml version="1.0" encoding="utf-8"?><testsuites name="pytest tests"><testsuite name="pytest" errors="0" failures="0" skipped="0" tests="8" time="3.589" timestamp="2026-03-05T21:04:19.981112+00:00" hostname="agent-env-eaa70fa8-c360-4d8f-a712-5d13acfb129c"><testcase classname="backend.tests.test_video_designer.TestVideoDesignerEndpoint" name="test_video_generate_endpoint_exists" time="2.067" /><testcase classname="backend.tests.test_video_designer.TestVideoDesignerEndpoint" name="test_video_generate_requires_video_file" time="0.176" /><testcase classname="backend.tests.test_video_designer.TestVideoDesignerEndpoint" name="test_video_generate_accepts_form_params" time="0.141" /><testcase classname="backend.tests.test_video_designer.TestAISketchEndpoint" name="test_ai_sketch_analyze_endpoint_exists" time="0.164" /><testcase classname="backend.tests.test_video_designer.TestAPIHealth" name="test_api_root" time="0.147" /><testcase classname="backend.tests.test_video_designer.TestAPIHealth" name="test_stats_endpoint" time="0.147" /><testcase classname="backend.tests.test_video_designer.TestAPIHealth" name="test_stats_live_endpoint" time="0.306" /><testcase classname="backend.tests.test_video_designer.TestCategories" name="test_categories_endpoint" time="0.282" /></testsuite></testsuites>