<?xml version="1.0" encoding="utf-8"?><testsuites name="pytest tests"><testsuite name="pytest" errors="0" failures="0" skipped="0" tests="12" time="8.447" timestamp="2026-03-05T22:25:11.104459+00:00" hostname="agent-env-eaa70fa8-c360-4d8f-a712-5d13acfb129c"><testcase classname="backend.tests.test_iteration41_features.TestHealthAndAuth" name="test_api_health" time="3.195" /><testcase classname="backend.tests.test_iteration41_features.TestHealthAndAuth" name="test_login_with_test_account" time="0.514" /><testcase classname="backend.tests.test_iteration41_features.TestProfileEndpoints" name="test_get_profile_me" time="0.760" /><testcase classname="backend.tests.test_iteration41_features.TestProfileEndpoints" name="test_put_profile_update_name" time="0.801" /><testcase classname="backend.tests.test_iteration41_features.TestProfileEndpoints" name="test_put_profile_update_city" time="0.737" /><testcase classname="backend.tests.test_iteration41_features.TestProfileEndpoints" name="test_put_profile_update_website" time="0.674" /><testcase classname="backend.tests.test_iteration41_features.TestProfileEndpoints" name="test_put_profile_rejects_empty_data" time="0.662" /><testcase classname="backend.tests.test_iteration41_features.TestProfileEndpoints" name="test_put_profile_requires_auth" time="0.187" /><testcase classname="backend.tests.test_iteration41_features.TestCategoriesAndStats" name="test_categories_returns_15" time="0.146" /><testcase classname="backend.tests.test_iteration41_features.TestCategoriesAndStats" name="test_stats_live_endpoint" time="0.190" /><testcase classname="backend.tests.test_iteration41_features.TestVideoGenerateEndpoint" name="test_video_generate_endpoint_exists" time="0.164" /><testcase classname="backend.tests.test_iteration41_features.TestVideoGenerateEndpoint" name="test_video_generate_rejects_non_video" time="0.185" /></testsuite></testsuites>