<?xml version="1.0" encoding="utf-8"?><testsuites name="pytest tests"><testsuite name="pytest" errors="0" failures="0" skipped="0" tests="11" time="3.709" timestamp="2026-03-05T08:10:23.637052+00:00" hostname="agent-env-5f73751a-044e-42da-b800-bd01df2c8860"><testcase classname="backend.tests.test_iteration28_phase1.TestPhase1BackendAPIs" name="test_api_health" time="0.510" /><testcase classname="backend.tests.test_iteration28_phase1.TestPhase1BackendAPIs" name="test_get_ready_projects_returns_200" time="0.149" /><testcase classname="backend.tests.test_iteration28_phase1.TestPhase1BackendAPIs" name="test_post_ready_projects_requires_auth" time="0.173" /><testcase classname="backend.tests.test_iteration28_phase1.TestPhase1BackendAPIs" name="test_post_ready_projects_creates_project" time="0.515" /><testcase classname="backend.tests.test_iteration28_phase1.TestPhase1BackendAPIs" name="test_like_ready_project_requires_auth" time="0.128" /><testcase classname="backend.tests.test_iteration28_phase1.TestPhase1BackendAPIs" name="test_like_ready_project_toggles_like" time="0.582" /><testcase classname="backend.tests.test_iteration28_phase1.TestPhase1BackendAPIs" name="test_comment_ready_project_requires_auth" time="0.217" /><testcase classname="backend.tests.test_iteration28_phase1.TestPhase1BackendAPIs" name="test_comment_ready_project_adds_comment" time="0.694" /><testcase classname="backend.tests.test_iteration28_phase1.TestPhase1BackendAPIs" name="test_subscription_plans_returns_correct_data" time="0.187" /><testcase classname="backend.tests.test_iteration28_phase1.TestPhase1BackendAPIs" name="test_categories_returns_list" time="0.167" /><testcase classname="backend.tests.test_iteration28_phase1.TestPhase1BackendAPIs" name="test_stats_returns_counts" time="0.146" /></testsuite></testsuites>