<?xml version="1.0" encoding="utf-8"?><testsuites name="pytest tests"><testsuite name="pytest" errors="0" failures="0" skipped="0" tests="20" time="58.041" timestamp="2026-03-07T12:18:58.298378+00:00" hostname="agent-env-12f982ad-8272-4f73-8b87-302243ec4451"><testcase classname="backend.tests.test_product_scraping.TestProductStores" name="test_get_stores_returns_200" time="2.200" /><testcase classname="backend.tests.test_product_scraping.TestProductStores" name="test_stores_response_structure" time="0.141" /><testcase classname="backend.tests.test_product_scraping.TestProductStores" name="test_stores_contain_required_fields" time="0.176" /><testcase classname="backend.tests.test_product_scraping.TestProductStores" name="test_videnov_store_exists_with_scraping_enabled" time="0.178" /><testcase classname="backend.tests.test_product_scraping.TestProductStores" name="test_multiple_stores_exist" time="0.155" /><testcase classname="backend.tests.test_product_scraping.TestProductSearch" name="test_search_requires_query" time="0.190" /><testcase classname="backend.tests.test_product_scraping.TestProductSearch" name="test_search_short_query_rejected" time="0.143" /><testcase classname="backend.tests.test_product_scraping.TestProductSearch" name="test_search_videnov_returns_products" time="11.144" /><testcase classname="backend.tests.test_product_scraping.TestProductSearch" name="test_videnov_products_have_scraped_flag" time="8.923" /><testcase classname="backend.tests.test_product_scraping.TestProductSearch" name="test_search_link_stores_return_search_urls" time="0.218" /><testcase classname="backend.tests.test_product_scraping.TestProductsForRoom" name="test_bathroom_products_returns_200" time="0.155" /><testcase classname="backend.tests.test_product_scraping.TestProductsForRoom" name="test_room_products_response_structure" time="0.170" /><testcase classname="backend.tests.test_product_scraping.TestProductsForRoom" name="test_bathroom_has_expected_categories" time="0.135" /><testcase classname="backend.tests.test_product_scraping.TestProductsForRoom" name="test_products_by_category_contains_products" time="20.337" /><testcase classname="backend.tests.test_product_scraping.TestProductCategories" name="test_bathroom_categories_returns_200" time="0.198" /><testcase classname="backend.tests.test_product_scraping.TestProductCategories" name="test_categories_response_structure" time="0.176" /><testcase classname="backend.tests.test_product_scraping.TestProductCategories" name="test_categories_details_have_query_and_stores" time="0.130" /><testcase classname="backend.tests.test_product_scraping.TestProductCategories" name="test_all_room_types_have_categories" time="0.774" /><testcase classname="backend.tests.test_product_scraping.TestProductDataVerification" name="test_scraped_products_have_valid_urls" time="6.538" /><testcase classname="backend.tests.test_product_scraping.TestProductDataVerification" name="test_scraped_products_have_prices" time="5.555" /></testsuite></testsuites>