<?xml version="1.0" encoding="utf-8"?><testsuites name="pytest tests"><testsuite name="pytest" errors="0" failures="0" skipped="0" tests="21" time="3.068" timestamp="2026-03-05T01:38:21.356812+00:00" hostname="agent-env-31e06d32-d87b-422f-94cc-2e66f1a1a642"><testcase classname="tests.test_iteration21_bug_fixes.TestSubscriptionPlans" name="test_get_subscription_plans_returns_200" time="0.146" /><testcase classname="tests.test_iteration21_bug_fixes.TestSubscriptionPlans" name="test_subscription_plans_has_company_plans" time="0.111" /><testcase classname="tests.test_iteration21_bug_fixes.TestSubscriptionPlans" name="test_starter_plan_price_49_bgn" time="0.117" /><testcase classname="tests.test_iteration21_bug_fixes.TestSubscriptionPlans" name="test_pro_plan_price_99_bgn" time="0.126" /><testcase classname="tests.test_iteration21_bug_fixes.TestSubscriptionPlans" name="test_premium_plan_price_199_bgn" time="0.134" /><testcase classname="tests.test_iteration21_bug_fixes.TestSubscriptionPlans" name="test_starter_plan_has_limitations" time="0.131" /><testcase classname="tests.test_iteration21_bug_fixes.TestSubscriptionPlans" name="test_pro_plan_ai_builder_feature" time="0.162" /><testcase classname="tests.test_iteration21_bug_fixes.TestSubscriptionPlans" name="test_premium_plan_full_features" time="0.132" /><testcase classname="tests.test_iteration21_bug_fixes.TestSubscriptionPlans" name="test_ai_designer_module_pricing" time="0.116" /><testcase classname="tests.test_iteration21_bug_fixes.TestAdminCleanTestData" name="test_clean_test_data_wrong_key_returns_403" time="0.130" /><testcase classname="tests.test_iteration21_bug_fixes.TestAdminCleanTestData" name="test_clean_test_data_correct_key_returns_success" time="0.146" /><testcase classname="tests.test_iteration21_bug_fixes.TestAdminCleanTestData" name="test_clean_test_data_empty_key_returns_403" time="0.192" /><testcase classname="tests.test_iteration21_bug_fixes.TestAIGallery" name="test_ai_gallery_api_returns_200" time="0.131" /><testcase classname="tests.test_iteration21_bug_fixes.TestAIGallery" name="test_ai_gallery_returns_projects_list" time="0.138" /><testcase classname="tests.test_iteration21_bug_fixes.TestAIGallery" name="test_ai_gallery_has_pagination" time="0.163" /><testcase classname="tests.test_iteration21_bug_fixes.TestFrontendRoutes" name="test_homepage_loads" time="0.174" /><testcase classname="tests.test_iteration21_bug_fixes.TestFrontendRoutes" name="test_subscriptions_page_loads" time="0.152" /><testcase classname="tests.test_iteration21_bug_fixes.TestFrontendRoutes" name="test_ai_gallery_page_loads" time="0.126" /><testcase classname="tests.test_iteration21_bug_fixes.TestFrontendRoutes" name="test_ai_sketch_page_loads" time="0.146" /><testcase classname="tests.test_iteration21_bug_fixes.TestFrontendRoutes" name="test_ai_designer_page_loads" time="0.138" /><testcase classname="tests.test_iteration21_bug_fixes.TestPublishEndpoint" name="test_publish_requires_generated_images" time="0.129" /></testsuite></testsuites>