<?xml version="1.0" encoding="utf-8"?><testsuites name="pytest tests"><testsuite name="pytest" errors="0" failures="0" skipped="0" tests="16" time="10.800" timestamp="2026-03-06T22:09:19.426824+00:00" hostname="agent-env-d0b81975-5b4f-4d72-ab0c-af163abff7ab"><testcase classname="backend.tests.test_iteration53_community_product_search.TestStores" name="test_get_stores_returns_21_stores" time="2.394" /><testcase classname="backend.tests.test_iteration53_community_product_search.TestStores" name="test_store_names_include_expected" time="0.205" /><testcase classname="backend.tests.test_iteration53_community_product_search.TestAIProductSearch" name="test_ai_search_rejects_empty_request" time="0.144" /><testcase classname="backend.tests.test_iteration53_community_product_search.TestAIProductSearch" name="test_ai_search_with_text_query_only" time="2.392" /><testcase classname="backend.tests.test_iteration53_community_product_search.TestCommunityAuth" name="test_get_community_posts_no_auth" time="0.228" /><testcase classname="backend.tests.test_iteration53_community_product_search.TestCommunityAuth" name="test_create_post_requires_auth" time="0.304" /><testcase classname="backend.tests.test_iteration53_community_product_search.TestCommunityPosts" name="test_create_post_text_only" time="0.737" /><testcase classname="backend.tests.test_iteration53_community_product_search.TestCommunityPosts" name="test_create_post_rejects_empty" time="0.164" /><testcase classname="backend.tests.test_iteration53_community_product_search.TestCommunityPosts" name="test_create_post_with_type" time="0.151" /><testcase classname="backend.tests.test_iteration53_community_product_search.TestCommunityPosts" name="test_get_posts_with_filter" time="0.296" /><testcase classname="backend.tests.test_iteration53_community_product_search.TestCommunityInteractions" name="test_like_post" time="0.876" /><testcase classname="backend.tests.test_iteration53_community_product_search.TestCommunityInteractions" name="test_add_comment" time="0.148" /><testcase classname="backend.tests.test_iteration53_community_product_search.TestCommunityInteractions" name="test_comment_requires_text" time="0.196" /><testcase classname="backend.tests.test_iteration53_community_product_search.TestCommunityDelete" name="test_delete_own_post" time="0.829" /><testcase classname="backend.tests.test_iteration53_community_product_search.TestCommunityImages" name="test_create_post_with_images" time="0.683" /><testcase classname="backend.tests.test_iteration53_community_product_search.TestCommunityImages" name="test_image_only_post_allowed" time="0.730" /></testsuite></testsuites>