<?xml version="1.0" encoding="utf-8"?><testsuites name="pytest tests"><testsuite name="pytest" errors="0" failures="0" skipped="1" tests="12" time="13.089" timestamp="2026-03-06T23:26:00.289269+00:00" hostname="agent-env-d0b81975-5b4f-4d72-ab0c-af163abff7ab"><testcase classname="backend.tests.test_iter57_notifications_payments.TestNotificationsEndpoints" name="test_get_notifications_requires_auth" time="3.806" /><testcase classname="backend.tests.test_iter57_notifications_payments.TestNotificationsEndpoints" name="test_get_notifications_returns_array" time="0.702" /><testcase classname="backend.tests.test_iter57_notifications_payments.TestNotificationsEndpoints" name="test_get_unread_count" time="0.710" /><testcase classname="backend.tests.test_iter57_notifications_payments.TestNotificationsEndpoints" name="test_mark_all_read" time="0.835" /><testcase classname="backend.tests.test_iter57_notifications_payments.TestPaymentEndpoints" name="test_checkout_requires_auth" time="0.649" /><testcase classname="backend.tests.test_iter57_notifications_payments.TestPaymentEndpoints" name="test_checkout_basic_1_returns_checkout_url" time="1.277" /><testcase classname="backend.tests.test_iter57_notifications_payments.TestPaymentEndpoints" name="test_checkout_invalid_package_returns_400" time="0.661" /><testcase classname="backend.tests.test_iter57_notifications_payments.TestPaymentEndpoints" name="test_payment_history_returns_transactions" time="0.625" /><testcase classname="backend.tests.test_iter57_notifications_payments.TestPaymentEndpoints" name="test_checkout_pro_3_returns_checkout_url" time="1.005" /><testcase classname="backend.tests.test_iter57_notifications_payments.TestPaymentEndpoints" name="test_checkout_premium_12_returns_checkout_url" time="1.372" /><testcase classname="backend.tests.test_iter57_notifications_payments.TestNotificationTrigger" name="test_offer_triggers_notification_to_post_author" time="1.025"><skipped type="pytest.skip" message="Could not create test post: {&quot;detail&quot;:&quot;Добавете текст, снимка или проект&quot;}">/app/backend/tests/test_iter57_notifications_payments.py:173: Could not create test post: {"detail":"Добавете текст, снимка или проект"}</skipped></testcase><testcase classname="backend.tests.test_iter57_notifications_payments.TestHealthCheck" name="test_api_root" time="0.241" /></testsuite></testsuites>