<?xml version="1.0" encoding="utf-8"?><testsuites name="pytest tests"><testsuite name="pytest" errors="0" failures="0" skipped="0" tests="9" time="8.258" timestamp="2026-03-05T05:02:45.533913+00:00" hostname="agent-env-5f73751a-044e-42da-b800-bd01df2c8860"><testcase classname="backend.tests.test_iteration26.TestHealthCheck" name="test_api_root" time="3.342" /><testcase classname="backend.tests.test_iteration26.TestHealthCheck" name="test_categories" time="0.251" /><testcase classname="backend.tests.test_iteration26.TestSubscriptionPlans" name="test_get_subscription_plans" time="0.143" /><testcase classname="backend.tests.test_iteration26.TestAIChartPDFEndpoint" name="test_pdf_contract_basic" time="1.497" /><testcase classname="backend.tests.test_iteration26.TestAIChartPDFEndpoint" name="test_pdf_contract_empty_fields" time="0.771" /><testcase classname="backend.tests.test_iteration26.TestScanner3DPDF" name="test_scanner3d_pdf_basic" time="0.616" /><testcase classname="backend.tests.test_iteration26.TestScanner3DProjects" name="test_save_project_requires_auth" time="0.137" /><testcase classname="backend.tests.test_iteration26.TestScanner3DProjects" name="test_save_and_get_project" time="0.988" /><testcase classname="backend.tests.test_iteration26.TestNavigationLinks" name="test_stats_endpoint" time="0.217" /></testsuite></testsuites>