<?xml version="1.0" encoding="utf-8"?><testsuites name="pytest tests"><testsuite name="pytest" errors="0" failures="0" skipped="0" tests="14" time="55.250" timestamp="2026-03-05T01:02:32.270050+00:00" hostname="agent-env-31e06d32-d87b-422f-94cc-2e66f1a1a642"><testcase classname="backend.tests.test_iteration19_publish_gallery_sketch.TestAPIRoot" name="test_api_root" time="9.770" /><testcase classname="backend.tests.test_iteration19_publish_gallery_sketch.TestPublishEndpoint" name="test_publish_requires_generated_images" time="0.516" /><testcase classname="backend.tests.test_iteration19_publish_gallery_sketch.TestPublishEndpoint" name="test_publish_with_valid_data" time="0.402" /><testcase classname="backend.tests.test_iteration19_publish_gallery_sketch.TestPublishedList" name="test_get_published_list" time="0.215" /><testcase classname="backend.tests.test_iteration19_publish_gallery_sketch.TestPublishedList" name="test_published_pagination" time="0.325" /><testcase classname="backend.tests.test_iteration19_publish_gallery_sketch.TestPublishedDetail" name="test_get_published_project_detail" time="0.669" /><testcase classname="backend.tests.test_iteration19_publish_gallery_sketch.TestPublishedDetail" name="test_get_nonexistent_project" time="0.477" /><testcase classname="backend.tests.test_iteration19_publish_gallery_sketch.TestPDFEndpoints" name="test_pdf_images_endpoint" time="3.528" /><testcase classname="backend.tests.test_iteration19_publish_gallery_sketch.TestPDFEndpoints" name="test_pdf_materials_endpoint" time="1.266" /><testcase classname="backend.tests.test_iteration19_publish_gallery_sketch.TestPDFEndpoints" name="test_pdf_nonexistent_project" time="0.447" /><testcase classname="backend.tests.test_iteration19_publish_gallery_sketch.TestAISketchEndpoint" name="test_sketch_analyze_requires_sketches" time="0.283" /><testcase classname="backend.tests.test_iteration19_publish_gallery_sketch.TestAISketchEndpoint" name="test_sketch_analyze_accepts_valid_request" time="35.811" /><testcase classname="backend.tests.test_iteration19_publish_gallery_sketch.TestNavbarRoutes" name="test_ai_gallery_page_route" time="0.676" /><testcase classname="backend.tests.test_iteration19_publish_gallery_sketch.TestNavbarRoutes" name="test_ai_sketch_page_route" time="0.257" /></testsuite></testsuites>