<?xml version="1.0" encoding="utf-8"?><testsuites name="pytest tests"><testsuite name="pytest" errors="0" failures="0" skipped="0" tests="16" time="15.040" timestamp="2026-02-27T00:12:39.153054+00:00" hostname="agent-env-f74c87b3-c206-449a-b7e8-f7b3d922fe7f"><testcase classname="backend.tests.test_seo_features.TestSitemap" name="test_sitemap_returns_xml" time="1.313" /><testcase classname="backend.tests.test_seo_features.TestSitemap" name="test_sitemap_has_correct_structure" time="1.010" /><testcase classname="backend.tests.test_seo_features.TestSitemap" name="test_sitemap_has_75_plus_urls" time="0.697" /><testcase classname="backend.tests.test_seo_features.TestSitemap" name="test_sitemap_includes_blog_pages" time="0.492" /><testcase classname="backend.tests.test_seo_features.TestSitemap" name="test_sitemap_includes_regional_pages" time="0.827" /><testcase classname="backend.tests.test_seo_features.TestSitemap" name="test_sitemap_includes_prices_page" time="0.541" /><testcase classname="backend.tests.test_seo_features.TestAnalyticsTracking" name="test_track_pageview" time="0.549" /><testcase classname="backend.tests.test_seo_features.TestAnalyticsTracking" name="test_track_custom_event" time="1.108" /><testcase classname="backend.tests.test_seo_features.TestAnalyticsTracking" name="test_track_pdf_event" time="0.463" /><testcase classname="backend.tests.test_seo_features.TestAnalyticsDashboard" name="test_dashboard_requires_password" time="0.501" /><testcase classname="backend.tests.test_seo_features.TestAnalyticsDashboard" name="test_dashboard_rejects_wrong_password" time="0.815" /><testcase classname="backend.tests.test_seo_features.TestAnalyticsDashboard" name="test_dashboard_accepts_correct_password" time="1.469" /><testcase classname="backend.tests.test_seo_features.TestAnalyticsDashboard" name="test_dashboard_returns_expected_data" time="0.662" /><testcase classname="backend.tests.test_seo_features.TestExistingAPIs" name="test_api_root" time="0.836" /><testcase classname="backend.tests.test_seo_features.TestExistingAPIs" name="test_categories" time="0.508" /><testcase classname="backend.tests.test_seo_features.TestExistingAPIs" name="test_stats" time="0.506" /></testsuite></testsuites>