<?xml version="1.0" encoding="utf-8"?><testsuites name="pytest tests"><testsuite name="pytest" errors="0" failures="0" skipped="0" tests="18" time="9.287" timestamp="2026-02-27T10:11:48.027692+00:00" hostname="agent-env-3e834d1b-4c5e-4437-be41-f915139ff4d3"><testcase classname="backend.tests.test_iteration9_registration.TestCompanyRegistrationBulstat" name="test_reject_company_without_bulstat" time="0.249" /><testcase classname="backend.tests.test_iteration9_registration.TestCompanyRegistrationBulstat" name="test_reject_company_with_empty_bulstat" time="0.171" /><testcase classname="backend.tests.test_iteration9_registration.TestCompanyRegistrationBulstat" name="test_reject_company_with_short_bulstat" time="0.156" /><testcase classname="backend.tests.test_iteration9_registration.TestCompanyRegistrationBulstat" name="test_reject_company_with_long_bulstat" time="0.171" /><testcase classname="backend.tests.test_iteration9_registration.TestCompanyRegistrationBulstat" name="test_reject_company_with_nonnumeric_bulstat" time="0.158" /><testcase classname="backend.tests.test_iteration9_registration.TestCompanyRegistrationBulstat" name="test_accept_company_with_valid_bulstat" time="1.583" /><testcase classname="backend.tests.test_iteration9_registration.TestMasterRegistrationNoBulstat" name="test_accept_master_without_bulstat" time="0.683" /><testcase classname="backend.tests.test_iteration9_registration.TestMasterRegistrationNoBulstat" name="test_master_ignores_bulstat_if_provided" time="0.724" /><testcase classname="backend.tests.test_iteration9_registration.TestClientRegistrationNoBulstat" name="test_accept_client_without_bulstat" time="0.518" /><testcase classname="backend.tests.test_iteration9_registration.TestMasterAccess" name="test_master_can_access_my_company" time="0.754" /><testcase classname="backend.tests.test_iteration9_registration.TestMasterAccess" name="test_master_can_access_my_leads" time="0.195" /><testcase classname="backend.tests.test_iteration9_registration.TestMasterAccess" name="test_master_can_access_my_portfolio" time="0.185" /><testcase classname="backend.tests.test_iteration9_registration.TestMasterAccess" name="test_master_can_access_free_leads_status" time="0.145" /><testcase classname="backend.tests.test_iteration9_registration.TestAuthMeReturnsBulstat" name="test_auth_me_returns_bulstat_for_company" time="0.799" /><testcase classname="backend.tests.test_iteration9_registration.TestDuplicateBulstat" name="test_reject_duplicate_bulstat" time="0.690" /><testcase classname="backend.tests.test_iteration9_registration.TestExistingUserLogin" name="test_company_login" time="0.555" /><testcase classname="backend.tests.test_iteration9_registration.TestExistingUserLogin" name="test_master_login" time="0.601" /><testcase classname="backend.tests.test_iteration9_registration.TestExistingUserLogin" name="test_client_login" time="0.665" /></testsuite></testsuites>