<?xml version="1.0" encoding="utf-8"?><testsuites name="pytest tests"><testsuite name="pytest" errors="0" failures="0" skipped="0" tests="12" time="4.307" timestamp="2026-03-05T05:16:05.407275+00:00" hostname="agent-env-5f73751a-044e-42da-b800-bd01df2c8860"><testcase classname="tests.test_iteration27_telegram.TestTelegramWebhook" name="test_webhook_start_command_returns_200" time="0.611" /><testcase classname="tests.test_iteration27_telegram.TestTelegramWebhook" name="test_webhook_start_with_user_id_returns_200" time="0.578" /><testcase classname="tests.test_iteration27_telegram.TestTelegramWebhook" name="test_webhook_empty_message" time="0.131" /><testcase classname="tests.test_iteration27_telegram.TestTelegramStatusAndLink" name="test_telegram_status_for_new_user" time="0.730" /><testcase classname="tests.test_iteration27_telegram.TestTelegramStatusAndLink" name="test_telegram_status_requires_auth" time="0.112" /><testcase classname="tests.test_iteration27_telegram.TestTelegramStatusAndLink" name="test_telegram_link_requires_auth" time="0.117" /><testcase classname="tests.test_iteration27_telegram.TestTelegramStatusAndLink" name="test_telegram_link_with_auth" time="0.654" /><testcase classname="tests.test_iteration27_telegram.TestRegressionEndpoints" name="test_scanner3d_pdf_still_works" time="0.294" /><testcase classname="tests.test_iteration27_telegram.TestRegressionEndpoints" name="test_ai_chart_pdf_still_works" time="0.513" /><testcase classname="tests.test_iteration27_telegram.TestRegressionEndpoints" name="test_subscription_plans_returns_tiers" time="0.117" /><testcase classname="tests.test_iteration27_telegram.TestApiHealth" name="test_api_root_health" time="0.114" /><testcase classname="tests.test_iteration27_telegram.TestApiHealth" name="test_categories_endpoint" time="0.111" /></testsuite></testsuites>