<?xml version="1.0" encoding="utf-8"?><testsuites name="pytest tests"><testsuite name="pytest" errors="0" failures="0" skipped="0" tests="20" time="73.403" timestamp="2026-02-26T22:31:32.789038+00:00" hostname="agent-env-f74c87b3-c206-449a-b7e8-f7b3d922fe7f"><testcase classname="backend.tests.test_new_features.TestHealthCheck" name="test_api_root" time="1.049" /><testcase classname="backend.tests.test_new_features.TestHealthCheck" name="test_categories_endpoint" time="0.970" /><testcase classname="backend.tests.test_new_features.TestAuthentication" name="test_client_login" time="3.173" /><testcase classname="backend.tests.test_new_features.TestAuthentication" name="test_company_login" time="3.075" /><testcase classname="backend.tests.test_new_features.TestChatSystem" name="test_get_conversations_empty" time="2.793" /><testcase classname="backend.tests.test_new_features.TestChatSystem" name="test_send_message_basic" time="6.290" /><testcase classname="backend.tests.test_new_features.TestChatSystem" name="test_contact_info_filtering_company" time="6.445" /><testcase classname="backend.tests.test_new_features.TestChatSystem" name="test_get_user_basic" time="4.825" /><testcase classname="backend.tests.test_new_features.TestChatSystem" name="test_unread_count" time="4.996" /><testcase classname="backend.tests.test_new_features.TestFreeLeads" name="test_free_leads_status" time="4.497" /><testcase classname="backend.tests.test_new_features.TestFreeLeads" name="test_my_leads_endpoint" time="4.117" /><testcase classname="backend.tests.test_new_features.TestCalculatorUsageTracking" name="test_calculator_status_company" time="3.633" /><testcase classname="backend.tests.test_new_features.TestCalculatorUsageTracking" name="test_calculator_status_client" time="2.734" /><testcase classname="backend.tests.test_new_features.TestCalculatorUsageTracking" name="test_log_calculator_use" time="1.965" /><testcase classname="backend.tests.test_new_features.TestPDFGeneration" name="test_generate_pdf" time="8.826" /><testcase classname="backend.tests.test_new_features.TestPDFGeneration" name="test_generate_pdf_empty_items" time="3.382" /><testcase classname="backend.tests.test_new_features.TestProjects" name="test_get_projects" time="0.553" /><testcase classname="backend.tests.test_new_features.TestProjects" name="test_get_projects_with_auth" time="3.331" /><testcase classname="backend.tests.test_new_features.TestProjects" name="test_get_project_detail" time="3.495" /><testcase classname="backend.tests.test_new_features.TestStats" name="test_get_stats" time="0.685" /></testsuite></testsuites>