<?xml version="1.0" encoding="utf-8"?><testsuites name="pytest tests"><testsuite name="pytest" errors="0" failures="0" skipped="0" tests="13" time="8.939" timestamp="2026-03-07T22:15:32.990630+00:00" hostname="agent-env-c76a675c-02cf-413a-a204-8bc23d52c55b"><testcase classname="backend.tests.test_iteration81_ai_designer_reliability.TestHealthAndBasicEndpoints" name="test_health_endpoint" time="2.235" /><testcase classname="backend.tests.test_iteration81_ai_designer_reliability.TestHealthAndBasicEndpoints" name="test_ai_diagnostics_endpoint" time="1.381" /><testcase classname="backend.tests.test_iteration81_ai_designer_reliability.TestAIDesignerEndpoints" name="test_invalid_task_id_returns_404" time="0.174" /><testcase classname="backend.tests.test_iteration81_ai_designer_reliability.TestAIDesignerEndpoints" name="test_invalid_design_id_returns_404" time="0.915" /><testcase classname="backend.tests.test_iteration81_ai_designer_reliability.TestAuthenticationFlow" name="test_login_with_valid_credentials" time="0.541" /><testcase classname="backend.tests.test_iteration81_ai_designer_reliability.TestAuthenticationFlow" name="test_login_with_invalid_credentials" time="0.204" /><testcase classname="backend.tests.test_iteration81_ai_designer_reliability.TestPhotoGenerateAsyncFlow" name="test_photo_generate_returns_task_id_immediately" time="0.766" /><testcase classname="backend.tests.test_iteration81_ai_designer_reliability.TestPhotoGenerateAsyncFlow" name="test_task_polling_is_lightweight" time="2.419" /><testcase classname="backend.tests.test_iteration81_ai_designer_reliability.TestStaticFallbackBudget" name="test_static_fallback_budget_structure" time="0.001" /><testcase classname="backend.tests.test_iteration81_ai_designer_reliability.TestCacheSystem" name="test_cache_exists_in_codebase" time="0.002" /><testcase classname="backend.tests.test_iteration81_ai_designer_reliability.TestBGRoomPrices" name="test_bg_room_prices_structure" time="0.002" /><testcase classname="backend.tests.test_iteration81_ai_designer_reliability.TestSafeLlmImport" name="test_llm_import_safety" time="0.002" /><testcase classname="backend.tests.test_iteration81_ai_designer_reliability.TestGptModel" name="test_gpt_4o_mini_model_usage" time="0.002" /></testsuite></testsuites>