<?xml version="1.0" encoding="utf-8"?><testsuites name="pytest tests"><testsuite name="pytest" errors="0" failures="0" skipped="0" tests="15" time="6.523" timestamp="2026-03-05T01:28:03.756125+00:00" hostname="agent-env-31e06d32-d87b-422f-94cc-2e66f1a1a642"><testcase classname="backend.tests.test_iteration20_batch_features.TestAPIRoot" name="test_api_root_returns_200" time="0.395" /><testcase classname="backend.tests.test_iteration20_batch_features.TestSubscriptionPlans" name="test_subscriptions_plans_endpoint" time="0.156" /><testcase classname="backend.tests.test_iteration20_batch_features.TestPublishedGallery" name="test_published_list_endpoint" time="0.178" /><testcase classname="backend.tests.test_iteration20_batch_features.TestPublishedGallery" name="test_published_project_detail" time="0.181" /><testcase classname="backend.tests.test_iteration20_batch_features.TestPublishedGallery" name="test_published_project_not_found" time="0.174" /><testcase classname="backend.tests.test_iteration20_batch_features.TestPDFEndpoints" name="test_pdf_images_endpoint" time="3.201" /><testcase classname="backend.tests.test_iteration20_batch_features.TestPDFEndpoints" name="test_pdf_materials_endpoint" time="0.518" /><testcase classname="backend.tests.test_iteration20_batch_features.TestPDFEndpoints" name="test_pdf_images_not_found" time="0.150" /><testcase classname="backend.tests.test_iteration20_batch_features.TestAISketchEndpoint" name="test_ai_sketch_analyze_rejects_empty" time="0.163" /><testcase classname="backend.tests.test_iteration20_batch_features.TestPublishEndpoint" name="test_publish_rejects_empty_images" time="0.254" /><testcase classname="backend.tests.test_iteration20_batch_features.TestFrontendRoutes" name="test_subscriptions_page_loads" time="0.293" /><testcase classname="backend.tests.test_iteration20_batch_features.TestFrontendRoutes" name="test_ai_gallery_page_loads" time="0.159" /><testcase classname="backend.tests.test_iteration20_batch_features.TestFrontendRoutes" name="test_ai_sketch_page_loads" time="0.151" /><testcase classname="backend.tests.test_iteration20_batch_features.TestFrontendRoutes" name="test_ai_designer_page_loads" time="0.156" /><testcase classname="backend.tests.test_iteration20_batch_features.TestFrontendRoutes" name="test_homepage_loads" time="0.138" /></testsuite></testsuites>