<?xml version="1.0" encoding="utf-8"?><testsuites name="pytest tests"><testsuite name="pytest" errors="0" failures="0" skipped="0" tests="7" time="1.454" timestamp="2026-03-05T04:10:01.545849+00:00" hostname="agent-env-fa79f17c-18ff-4439-a64a-0d66357d8e25"><testcase classname="tests.test_iteration26.TestFeedbackWithService" name="test_feedback_with_service_field" time="0.207" /><testcase classname="tests.test_iteration26.TestFeedbackWithService" name="test_feedback_without_service_defaults_to_general" time="0.128" /><testcase classname="tests.test_iteration26.TestFeedbackWithService" name="test_feedback_invalid_rating" time="0.148" /><testcase classname="tests.test_iteration26.TestAIChartAnalyze" name="test_ai_chart_analyze_stairs" time="0.444" /><testcase classname="tests.test_iteration26.TestAIChartAnalyze" name="test_ai_chart_analyze_foundation" time="0.149" /><testcase classname="tests.test_iteration26.TestAPIHealth" name="test_api_root" time="0.128" /><testcase classname="tests.test_iteration26.TestAPIHealth" name="test_categories" time="0.114" /></testsuite></testsuites>