<?xml version="1.0" encoding="utf-8"?><testsuites name="pytest tests"><testsuite name="pytest" errors="0" failures="0" skipped="0" tests="12" time="8.010" timestamp="2026-02-27T09:49:23.038413+00:00" hostname="agent-env-3e834d1b-4c5e-4437-be41-f915139ff4d3"><testcase classname="backend.tests.test_iteration8_free_platform.TestFreeplatformRegistration" name="test_register_client_with_city" time="0.739" /><testcase classname="backend.tests.test_iteration8_free_platform.TestFreeplatformRegistration" name="test_register_company_with_city_and_telegram" time="0.613" /><testcase classname="backend.tests.test_iteration8_free_platform.TestFreeplatformProjects" name="test_projects_list_contact_unlocked" time="0.149" /><testcase classname="backend.tests.test_iteration8_free_platform.TestFreeplatformProjects" name="test_project_detail_contact_unlocked" time="0.364" /><testcase classname="backend.tests.test_iteration8_free_platform.TestFreeplatformProjects" name="test_project_detail_shows_client_info" time="0.293" /><testcase classname="backend.tests.test_iteration8_free_platform.TestChatWithoutFiltering" name="test_send_message_with_contact_info" time="1.369" /><testcase classname="backend.tests.test_iteration8_free_platform.TestTelegramIntegration" name="test_telegram_webhook_endpoint_exists" time="0.193" /><testcase classname="backend.tests.test_iteration8_free_platform.TestTelegramIntegration" name="test_telegram_link_endpoint" time="0.694" /><testcase classname="backend.tests.test_iteration8_free_platform.TestCalculatorNoPaywall" name="test_calculator_log_use_unlimited" time="0.671" /><testcase classname="backend.tests.test_iteration8_free_platform.TestCalculatorNoPaywall" name="test_calculator_status_unlimited" time="0.751" /><testcase classname="backend.tests.test_iteration8_free_platform.TestCategories" name="test_get_categories" time="0.149" /><testcase classname="backend.tests.test_iteration8_free_platform.TestAuthMeWithNewFields" name="test_auth_me_returns_city_and_telegram" time="1.762" /></testsuite></testsuites>