<?xml version="1.0" encoding="utf-8"?><testsuites name="pytest tests"><testsuite name="pytest" errors="0" failures="4" skipped="0" tests="11" time="5.008" timestamp="2026-02-27T17:54:53.575625+00:00" hostname="agent-env-11ff8d56-de23-4f35-840e-1575f0908cb8"><testcase classname="tests.test_iteration15_pdf_translations.TestPDFGeneration" name="test_pdf_endpoint_returns_200" time="1.012" /><testcase classname="tests.test_iteration15_pdf_translations.TestPDFGeneration" name="test_pdf_with_multiple_items" time="0.590" /><testcase classname="tests.test_iteration15_pdf_translations.TestPDFGeneration" name="test_pdf_with_empty_items" time="0.841" /><testcase classname="tests.test_iteration15_pdf_translations.TestPDFGeneration" name="test_pdf_with_zero_quantity_items_filtered" time="0.800" /><testcase classname="tests.test_iteration15_pdf_translations.TestAPIEndpoints" name="test_root_endpoint" time="0.293" /><testcase classname="tests.test_iteration15_pdf_translations.TestAPIEndpoints" name="test_categories_endpoint" time="0.198"><failure message="AssertionError: assert False&#10; +  where False = isinstance({'categories': [{'icon': 'Zap', 'id': 'electricity', 'name': 'Електричество'}, {'icon': 'Droplets', 'id': 'plumbing', 'name': 'ВиК'}, {'icon': 'Paintbrush', 'id': 'painting', 'name': 'Боядисване'}, {'icon': 'Boxes', 'id': 'concrete', 'name': 'Бетон'}, {'icon': 'Grid3x3', 'id': 'reinforcement', 'name': 'Арматура'}, {'icon': 'LayoutGrid', 'id': 'tiling', 'name': 'Фаянс и теракота'}, ...]}, list)">tests/test_iteration15_pdf_translations.py:95: in test_categories_endpoint
    assert isinstance(data, list)
E   AssertionError: assert False
E    +  where False = isinstance({'categories': [{'icon': 'Zap', 'id': 'electricity', 'name': 'Електричество'}, {'icon': 'Droplets', 'id': 'plumbing', 'name': 'ВиК'}, {'icon': 'Paintbrush', 'id': 'painting', 'name': 'Боядисване'}, {'icon': 'Boxes', 'id': 'concrete', 'name': 'Бетон'}, {'icon': 'Grid3x3', 'id': 'reinforcement', 'name': 'Арматура'}, {'icon': 'LayoutGrid', 'id': 'tiling', 'name': 'Фаянс и теракота'}, ...]}, list)</failure></testcase><testcase classname="tests.test_iteration15_pdf_translations.TestAPIEndpoints" name="test_stats_endpoint" time="0.141"><failure message="AssertionError: assert ('projects' in {'total_companies': 0, 'total_projects': 0, 'total_reviews': 0} or 'companies' in {'total_companies': 0, 'total_projects': 0, 'total_reviews': 0})">tests/test_iteration15_pdf_translations.py:103: in test_stats_endpoint
    assert "projects" in data or "companies" in data
E   AssertionError: assert ('projects' in {'total_companies': 0, 'total_projects': 0, 'total_reviews': 0} or 'companies' in {'total_companies': 0, 'total_projects': 0, 'total_reviews': 0})</failure></testcase><testcase classname="tests.test_iteration15_pdf_translations.TestAPIEndpoints" name="test_projects_endpoint" time="0.142" /><testcase classname="tests.test_iteration15_pdf_translations.TestAPIEndpoints" name="test_companies_endpoint" time="0.210" /><testcase classname="tests.test_iteration15_pdf_translations.TestAPIEndpoints" name="test_professions_endpoint" time="0.224"><failure message="assert 404 == 200&#10; +  where 404 = &lt;Response [404]&gt;.status_code">tests/test_iteration15_pdf_translations.py:122: in test_professions_endpoint
    assert response.status_code == 200
E   assert 404 == 200
E    +  where 404 = &lt;Response [404]&gt;.status_code</failure></testcase><testcase classname="tests.test_iteration15_pdf_translations.TestRegionalPrices" name="test_regional_prices_endpoint" time="0.207"><failure message="assert 404 == 200&#10; +  where 404 = &lt;Response [404]&gt;.status_code">tests/test_iteration15_pdf_translations.py:131: in test_regional_prices_endpoint
    assert response.status_code == 200
E   assert 404 == 200
E    +  where 404 = &lt;Response [404]&gt;.status_code</failure></testcase></testsuite></testsuites>