<?xml version="1.0" encoding="utf-8"?><testsuites name="pytest tests"><testsuite name="pytest" errors="0" failures="2" skipped="0" tests="8" time="211.312" timestamp="2026-03-06T22:23:06.182623+00:00" hostname="agent-env-d0b81975-5b4f-4d72-ab0c-af163abff7ab"><testcase classname="backend.tests.test_iteration54_ai_designer.TestBackendHealth" name="test_api_root_accessible" time="3.052" /><testcase classname="backend.tests.test_iteration54_ai_designer.TestPhotoGenerateEndpoint" name="test_photo_generate_rejects_no_photos" time="0.155" /><testcase classname="backend.tests.test_iteration54_ai_designer.TestPhotoGenerateEndpoint" name="test_photo_generate_endpoint_exists" time="5.118" /><testcase classname="backend.tests.test_iteration54_ai_designer.TestPhotoGenerateEndpoint" name="test_photo_generate_validates_room_type" time="18.646" /><testcase classname="backend.tests.test_iteration54_ai_designer.TestPhotoGenerateEndpoint" name="test_photo_generate_accepts_multiple_photos" time="3.124" /><testcase classname="backend.tests.test_iteration54_ai_designer.TestMyProjectsEndpoint" name="test_my_projects_requires_auth" time="60.214"><failure message="AssertionError: Expected 401/403, got 502&#10;assert 502 in [401, 403]&#10; +  where 502 = &lt;Response [502]&gt;.status_code">backend/tests/test_iteration54_ai_designer.py:200: in test_my_projects_requires_auth
    assert response.status_code in [401, 403], f"Expected 401/403, got {response.status_code}"
E   AssertionError: Expected 401/403, got 502
E   assert 502 in [401, 403]
E    +  where 502 = &lt;Response [502]&gt;.status_code</failure></testcase><testcase classname="backend.tests.test_iteration54_ai_designer.TestMyProjectsEndpoint" name="test_my_projects_with_invalid_token" time="60.297"><failure message="AssertionError: Expected 401/403, got 502&#10;assert 502 in [401, 403]&#10; +  where 502 = &lt;Response [502]&gt;.status_code">backend/tests/test_iteration54_ai_designer.py:210: in test_my_projects_with_invalid_token
    assert response.status_code in [401, 403], f"Expected 401/403, got {response.status_code}"
E   AssertionError: Expected 401/403, got 502
E   assert 502 in [401, 403]
E    +  where 502 = &lt;Response [502]&gt;.status_code</failure></testcase><testcase classname="backend.tests.test_iteration54_ai_designer.TestPhotoGenerateFullFlow" name="test_photo_generate_full_response_structure" time="60.252" /></testsuite></testsuites>