<?xml version="1.0" encoding="utf-8"?><testsuites name="pytest tests"><testsuite name="pytest" errors="0" failures="1" skipped="0" tests="9" time="2.053" timestamp="2026-02-27T13:49:05.247345+00:00" hostname="agent-env-3e834d1b-4c5e-4437-be41-f915139ff4d3"><testcase classname="backend.tests.test_iteration13.TestBlueprintAnalyzeEndpoint" name="test_blueprint_analyze_endpoint_exists" time="0.418" /><testcase classname="backend.tests.test_iteration13.TestBlueprintAnalyzeEndpoint" name="test_blueprint_analyze_missing_image" time="0.143" /><testcase classname="backend.tests.test_iteration13.TestBlueprintAnalyzeEndpoint" name="test_blueprint_analyze_empty_image" time="0.179" /><testcase classname="backend.tests.test_iteration13.TestExistingEndpoints" name="test_api_health" time="0.161" /><testcase classname="backend.tests.test_iteration13.TestExistingEndpoints" name="test_categories_endpoint" time="0.126" /><testcase classname="backend.tests.test_iteration13.TestExistingEndpoints" name="test_stats_endpoint" time="0.161" /><testcase classname="backend.tests.test_iteration13.TestExistingEndpoints" name="test_projects_endpoint" time="0.139" /><testcase classname="backend.tests.test_iteration13.TestExistingEndpoints" name="test_companies_endpoint" time="0.183" /><testcase classname="backend.tests.test_iteration13.TestCalculatorPDFEndpoint" name="test_calculator_pdf_endpoint" time="0.151"><failure message="AssertionError: Expected 200, got 500&#10;assert 500 == 200&#10; +  where 500 = &lt;Response [500]&gt;.status_code">backend/tests/test_iteration13.py:111: in test_calculator_pdf_endpoint
    assert response.status_code == 200, f"Expected 200, got {response.status_code}"
E   AssertionError: Expected 200, got 500
E   assert 500 == 200
E    +  where 500 = &lt;Response [500]&gt;.status_code</failure></testcase></testsuite></testsuites>