<?xml version="1.0" encoding="utf-8"?><testsuites name="pytest tests"><testsuite name="pytest" errors="0" failures="0" skipped="0" tests="9" time="54.467" timestamp="2026-03-04T23:33:25.049628+00:00" hostname="agent-env-d35821f6-7028-41b6-9fd4-ed2c1b437a90"><testcase classname="backend.tests.test_phase3_iter18.TestAIDesignerMultipleImages" name="test_ai_designer_generate_rejects_no_images" time="1.867" /><testcase classname="backend.tests.test_phase3_iter18.TestAIDesignerMultipleImages" name="test_ai_designer_generate_rejects_empty_images_array" time="0.301" /><testcase classname="backend.tests.test_phase3_iter18.TestAIDesignerMultipleImages" name="test_ai_designer_accepts_images_array_field" time="8.069" /><testcase classname="backend.tests.test_phase3_iter18.TestAIDesignerMultipleImages" name="test_ai_designer_accepts_room_type_parameter" time="5.109" /><testcase classname="backend.tests.test_phase3_iter18.TestSubscriptionsPlans" name="test_subscriptions_returns_company_plans" time="37.644" /><testcase classname="backend.tests.test_phase3_iter18.TestSubscriptionsPlans" name="test_subscriptions_returns_ai_designer_separate_module" time="0.441" /><testcase classname="backend.tests.test_phase3_iter18.TestFeedbackEndpoint" name="test_feedback_endpoint_get" time="0.259" /><testcase classname="backend.tests.test_phase3_iter18.TestAPIRoot" name="test_api_root" time="0.312" /><testcase classname="backend.tests.test_phase3_iter18.TestAPIRoot" name="test_categories" time="0.247" /></testsuite></testsuites>