<?xml version="1.0" encoding="utf-8"?><testsuites name="pytest tests"><testsuite name="pytest" errors="0" failures="0" skipped="0" tests="6" time="1.112" timestamp="2026-02-27T12:54:34.263311+00:00" hostname="agent-env-3e834d1b-4c5e-4437-be41-f915139ff4d3"><testcase classname="tests.test_iteration11_cleanup.TestDataCleanup" name="test_companies_endpoint_returns_zero" time="0.209" /><testcase classname="tests.test_iteration11_cleanup.TestDataCleanup" name="test_projects_endpoint_returns_zero" time="0.174" /><testcase classname="tests.test_iteration11_cleanup.TestAPIEndpoints" name="test_categories_endpoint" time="0.117" /><testcase classname="tests.test_iteration11_cleanup.TestAPIEndpoints" name="test_stats_endpoint" time="0.150" /><testcase classname="tests.test_iteration11_cleanup.TestCompaniesFilter" name="test_filter_by_user_type_master" time="0.123" /><testcase classname="tests.test_iteration11_cleanup.TestCompaniesFilter" name="test_filter_by_user_type_company" time="0.119" /></testsuite></testsuites>