<?xml version="1.0" encoding="utf-8"?><testsuites name="pytest tests"><testsuite name="pytest" errors="0" failures="2" skipped="0" tests="14" time="185.014" timestamp="2026-03-07T00:23:19.883282+00:00" hostname="agent-env-fa1faf2d-2795-47bd-b339-2f0cc026dae3"><testcase classname="backend.tests.test_iter59_timeout_fixes.TestAPIHealth" name="test_api_root_returns_200" time="42.623" /><testcase classname="backend.tests.test_iter59_timeout_fixes.TestLoginWithTestUser" name="test_login_success" time="60.323"><failure message="assert 502 == 200&#10; +  where 502 = &lt;Response [502]&gt;.status_code">backend/tests/test_iter59_timeout_fixes.py:41: in test_login_success
    assert response.status_code == 200
E   assert 502 == 200
E    +  where 502 = &lt;Response [502]&gt;.status_code</failure></testcase><testcase classname="backend.tests.test_iter59_timeout_fixes.TestPhotoGenerateEndpoint" name="test_endpoint_returns_400_or_422_without_photos" time="81.101"><failure message="AssertionError: Expected 400 or 422, got 502&#10;assert 502 in [400, 422]&#10; +  where 502 = &lt;Response [502]&gt;.status_code">backend/tests/test_iter59_timeout_fixes.py:76: in test_endpoint_returns_400_or_422_without_photos
    assert response.status_code in [400, 422], f"Expected 400 or 422, got {response.status_code}"
E   AssertionError: Expected 400 or 422, got 502
E   assert 502 in [400, 422]
E    +  where 502 = &lt;Response [502]&gt;.status_code</failure></testcase><testcase classname="backend.tests.test_iter59_timeout_fixes.TestBackendCodeVerification" name="test_gpt4o_mini_model_used" time="0.003" /><testcase classname="backend.tests.test_iter59_timeout_fixes.TestBackendCodeVerification" name="test_retry_with_backoff_exists" time="0.002" /><testcase classname="backend.tests.test_iter59_timeout_fixes.TestBackendCodeVerification" name="test_retry_used_for_vision_and_image_gen" time="0.002" /><testcase classname="backend.tests.test_iter59_timeout_fixes.TestBackendCodeVerification" name="test_pil_image_resize_logic" time="0.002" /><testcase classname="backend.tests.test_iter59_timeout_fixes.TestFrontendCodeVerification" name="test_compress_image_function" time="0.001" /><testcase classname="backend.tests.test_iter59_timeout_fixes.TestFrontendCodeVerification" name="test_retry_with_backoff_function" time="0.001" /><testcase classname="backend.tests.test_iter59_timeout_fixes.TestFrontendCodeVerification" name="test_axios_timeout_300s" time="0.001" /><testcase classname="backend.tests.test_iter59_timeout_fixes.TestFrontendCodeVerification" name="test_compress_image_used_in_handle_generate" time="0.001" /><testcase classname="backend.tests.test_iter59_timeout_fixes.TestFrontendCodeVerification" name="test_retry_used_for_api_call" time="0.001" /><testcase classname="backend.tests.test_iter59_timeout_fixes.TestProductSearchPageSyntax" name="test_product_search_page_valid_jsx" time="0.001" /><testcase classname="backend.tests.test_iter59_timeout_fixes.TestDataTestIdAttributes" name="test_all_data_testid_present" time="0.001" /></testsuite></testsuites>