<?xml version="1.0" encoding="utf-8"?><testsuites name="pytest tests"><testsuite name="pytest" errors="0" failures="0" skipped="0" tests="12" time="7.134" timestamp="2026-03-07T16:05:39.028296+00:00" hostname="agent-env-18e8d912-d341-4e60-98af-c0886f912193"><testcase classname="backend.tests.test_iteration72_construction.TestHealthAndCategories" name="test_health_endpoint" time="4.281" /><testcase classname="backend.tests.test_iteration72_construction.TestHealthAndCategories" name="test_categories_returns_section_field" time="0.141" /><testcase classname="backend.tests.test_iteration72_construction.TestHealthAndCategories" name="test_categories_returns_property_types" time="0.147" /><testcase classname="backend.tests.test_iteration72_construction.TestHealthAndCategories" name="test_categories_filter_construction" time="0.132" /><testcase classname="backend.tests.test_iteration72_construction.TestHealthAndCategories" name="test_categories_filter_renovation" time="0.122" /><testcase classname="backend.tests.test_iteration72_construction.TestAuthAndProjects" name="test_register_client_user" time="0.463" /><testcase classname="backend.tests.test_iteration72_construction.TestAuthAndProjects" name="test_login_user" time="0.804" /><testcase classname="backend.tests.test_iteration72_construction.TestAuthAndProjects" name="test_create_renovation_project" time="0.181" /><testcase classname="backend.tests.test_iteration72_construction.TestAuthAndProjects" name="test_create_construction_project" time="0.139" /><testcase classname="backend.tests.test_iteration72_construction.TestAuthAndProjects" name="test_get_renovation_projects" time="0.133" /><testcase classname="backend.tests.test_iteration72_construction.TestAuthAndProjects" name="test_get_construction_projects" time="0.120" /><testcase classname="backend.tests.test_iteration72_construction.TestLiveStats" name="test_stats_live" time="0.213" /></testsuite></testsuites>