<?xml version="1.0" encoding="utf-8"?><testsuites name="pytest tests"><testsuite name="pytest" errors="0" failures="0" skipped="0" tests="11" time="39.410" timestamp="2026-03-05T15:00:49.715679+00:00" hostname="agent-env-608a86de-1c97-44ce-9910-62d392ff3ed3"><testcase classname="backend.tests.test_iteration31_cad_online.TestOnlineUsersTracking" name="test_stats_live_returns_online_count" time="33.578" /><testcase classname="backend.tests.test_iteration31_cad_online.TestOnlineUsersTracking" name="test_heartbeat_endpoint_works" time="0.250" /><testcase classname="backend.tests.test_iteration31_cad_online.TestOnlineUsersTracking" name="test_heartbeat_increments_online_count" time="0.349" /><testcase classname="backend.tests.test_iteration31_cad_online.TestAISketchAPI" name="test_get_ai_sketch_invalid_id_returns_404" time="0.184" /><testcase classname="backend.tests.test_iteration31_cad_online.TestAISketchAPI" name="test_ai_sketch_analyze_with_programmatic_image" time="2.297" /><testcase classname="backend.tests.test_iteration31_cad_online.TestStatsAndHealthEndpoints" name="test_stats_endpoint" time="0.184" /><testcase classname="backend.tests.test_iteration31_cad_online.TestStatsAndHealthEndpoints" name="test_root_endpoint" time="0.058" /><testcase classname="backend.tests.test_iteration31_cad_online.TestStatsAndHealthEndpoints" name="test_categories_endpoint" time="0.225" /><testcase classname="backend.tests.test_iteration31_cad_online.TestFreeSlots" name="test_free_slots_structure" time="0.219" /><testcase classname="backend.tests.test_iteration31_cad_online.TestHeartbeatEdgeCases" name="test_heartbeat_empty_session_id" time="0.058" /><testcase classname="backend.tests.test_iteration31_cad_online.TestHeartbeatEdgeCases" name="test_heartbeat_no_body" time="0.172" /></testsuite></testsuites>