<?xml version="1.0" encoding="utf-8"?><testsuites name="pytest tests"><testsuite name="pytest" errors="0" failures="0" skipped="0" tests="13" time="12.214" timestamp="2026-03-07T15:40:10.224172+00:00" hostname="agent-env-18e8d912-d341-4e60-98af-c0886f912193"><testcase classname="backend.tests.test_iteration71_core.TestHealthEndpoints" name="test_health_check" time="7.683" /><testcase classname="backend.tests.test_iteration71_core.TestHealthEndpoints" name="test_stats_live" time="0.261" /><testcase classname="backend.tests.test_iteration71_core.TestAuthFlows" name="test_register_client_success" time="0.498" /><testcase classname="backend.tests.test_iteration71_core.TestAuthFlows" name="test_register_company_with_bulstat" time="0.415" /><testcase classname="backend.tests.test_iteration71_core.TestAuthFlows" name="test_register_invalid_user_type_designer" time="0.121" /><testcase classname="backend.tests.test_iteration71_core.TestAuthFlows" name="test_login_invalid_credentials" time="0.130" /><testcase classname="backend.tests.test_iteration71_core.TestAuthFlows" name="test_login_valid_credentials" time="0.856" /><testcase classname="backend.tests.test_iteration71_core.TestCategoriesAndCompanies" name="test_categories_list" time="0.136" /><testcase classname="backend.tests.test_iteration71_core.TestCategoriesAndCompanies" name="test_companies_list" time="0.117" /><testcase classname="backend.tests.test_iteration71_core.TestCategoriesAndCompanies" name="test_companies_filter_by_type" time="0.256" /><testcase classname="backend.tests.test_iteration71_core.TestAIDesignerAccess" name="test_ai_test_endpoint" time="1.110" /><testcase classname="backend.tests.test_iteration71_core.TestCalculatorEndpoints" name="test_calculator_status_requires_auth" time="0.127" /><testcase classname="backend.tests.test_iteration71_core.TestReviewsEndpoint" name="test_reviews_list" time="0.154" /></testsuite></testsuites>