<?xml version="1.0" encoding="utf-8"?><testsuites name="pytest tests"><testsuite name="pytest" errors="0" failures="0" skipped="1" tests="9" time="1.339" timestamp="2026-02-27T13:08:50.815122+00:00" hostname="agent-env-3e834d1b-4c5e-4437-be41-f915139ff4d3"><testcase classname="backend.tests.test_iteration12.TestIteration12DomainChange" name="test_api_health" time="0.339" /><testcase classname="backend.tests.test_iteration12.TestIteration12DomainChange" name="test_sitemap_returns_temadom_com_urls" time="0.150" /><testcase classname="backend.tests.test_iteration12.TestIteration12DomainChange" name="test_sitemap_xml_format" time="0.122" /><testcase classname="backend.tests.test_iteration12.TestIteration12DomainChange" name="test_categories_endpoint" time="0.157" /><testcase classname="backend.tests.test_iteration12.TestIteration12DomainChange" name="test_stats_endpoint" time="0.135" /><testcase classname="backend.tests.test_iteration12.TestIteration12DomainChange" name="test_projects_endpoint" time="0.144" /><testcase classname="backend.tests.test_iteration12.TestIteration12DomainChange" name="test_companies_endpoint" time="0.124" /><testcase classname="backend.tests.test_iteration12.TestPDFGeneration" name="test_pdf_generation_endpoint" time="0.001"><skipped type="pytest.skip" message="PDF generation has pre-existing font encoding issue - not related to iteration 12">/app/backend/tests/test_iteration12.py:98: PDF generation has pre-existing font encoding issue - not related to iteration 12</skipped></testcase><testcase classname="backend.tests.test_iteration12.TestPDFGeneration" name="test_pdf_code_contains_temadom_com" time="0.003" /></testsuite></testsuites>