<?xml version="1.0" encoding="utf-8"?><testsuites name="pytest tests"><testsuite name="pytest" errors="0" failures="0" skipped="0" tests="24" time="4.604" timestamp="2026-03-07T23:37:21.166147+00:00" hostname="agent-env-c76a675c-02cf-413a-a204-8bc23d52c55b"><testcase classname="tests.test_iteration83_prelaunch.TestHealthEndpoints" name="test_api_health" time="0.252" /><testcase classname="tests.test_iteration83_prelaunch.TestAuthEndpoints" name="test_register_new_user" time="0.502" /><testcase classname="tests.test_iteration83_prelaunch.TestAuthEndpoints" name="test_login_existing_user" time="0.502" /><testcase classname="tests.test_iteration83_prelaunch.TestAuthEndpoints" name="test_get_profile" time="0.166" /><testcase classname="tests.test_iteration83_prelaunch.TestAuthEndpoints" name="test_google_oauth_endpoint_exists" time="0.247" /><testcase classname="tests.test_iteration83_prelaunch.TestSubscriptionPlans" name="test_get_subscription_plans" time="0.145" /><testcase classname="tests.test_iteration83_prelaunch.TestSubscriptionPlans" name="test_designer_plans_single_photo" time="0.134" /><testcase classname="tests.test_iteration83_prelaunch.TestSubscriptionPlans" name="test_standalone_plans_exist" time="0.160" /><testcase classname="tests.test_iteration83_prelaunch.TestStatsEndpoints" name="test_get_stats" time="0.164" /><testcase classname="tests.test_iteration83_prelaunch.TestStatsEndpoints" name="test_get_live_stats" time="0.170" /><testcase classname="tests.test_iteration83_prelaunch.TestCompaniesEndpoints" name="test_get_companies" time="0.141" /><testcase classname="tests.test_iteration83_prelaunch.TestAdsEndpoints" name="test_get_ads" time="0.168" /><testcase classname="tests.test_iteration83_prelaunch.TestBlogEndpoints" name="test_get_blog" time="0.147" /><testcase classname="tests.test_iteration83_prelaunch.TestNotificationsEndpoints" name="test_get_notifications" time="0.145" /><testcase classname="tests.test_iteration83_prelaunch.TestChatEndpoints" name="test_get_conversations" time="0.141" /><testcase classname="tests.test_iteration83_prelaunch.TestAIDesignerEndpoints" name="test_photo_generate_returns_task_id" time="0.150" /><testcase classname="tests.test_iteration83_prelaunch.TestAIDesignerEndpoints" name="test_task_status_endpoint" time="0.142" /><testcase classname="tests.test_iteration83_prelaunch.TestCalculatorEndpoints" name="test_calculator_status" time="0.133" /><testcase classname="tests.test_iteration83_prelaunch.TestReviewsEndpoints" name="test_get_reviews" time="0.158" /><testcase classname="tests.test_iteration83_prelaunch.TestCommunityEndpoints" name="test_get_community_posts" time="0.152" /><testcase classname="tests.test_iteration83_prelaunch.TestLeaderboardEndpoints" name="test_get_client_leaderboard" time="0.181" /><testcase classname="tests.test_iteration83_prelaunch.TestLeaderboardEndpoints" name="test_get_company_leaderboard" time="0.145" /><testcase classname="tests.test_iteration83_prelaunch.TestReadyProjectsEndpoints" name="test_get_ready_projects" time="0.165" /><testcase classname="tests.test_iteration83_prelaunch.TestCleanup" name="test_cleanup_test_user" time="0.001" /></testsuite></testsuites>