<?xml version="1.0" encoding="utf-8"?><testsuites name="pytest tests"><testsuite name="pytest" errors="0" failures="0" skipped="0" tests="9" time="17.989" timestamp="2026-03-06T19:40:38.398772+00:00" hostname="agent-env-77aa565a-f030-4c10-918d-6c2df57b41d3"><testcase classname="backend.tests.test_iteration47.TestIteration47" name="test_api_root" time="13.540" /><testcase classname="backend.tests.test_iteration47.TestIteration47" name="test_reviews_api_returns_data" time="0.670" /><testcase classname="backend.tests.test_iteration47.TestIteration47" name="test_stats_live_returns_regions" time="0.733" /><testcase classname="backend.tests.test_iteration47.TestIteration47" name="test_categories_api" time="0.531" /><testcase classname="backend.tests.test_iteration47.TestIteration47" name="test_companies_api" time="0.461" /><testcase classname="backend.tests.test_iteration47.TestIteration47" name="test_photo_generate_endpoint_exists" time="0.345" /><testcase classname="backend.tests.test_iteration47.TestIteration47" name="test_stats_api" time="0.427" /><testcase classname="backend.tests.test_iteration47.TestReviewsAPIStructure" name="test_review_object_has_required_fields" time="0.331" /><testcase classname="backend.tests.test_iteration47.TestReviewsAPIStructure" name="test_review_ratings_in_valid_range" time="0.422" /></testsuite></testsuites>