<?xml version="1.0" encoding="utf-8"?><testsuites name="pytest tests"><testsuite name="pytest" errors="0" failures="0" skipped="0" tests="17" time="14.199" timestamp="2026-03-06T21:06:08.640415+00:00" hostname="agent-env-1ffde544-0747-4fb9-98ad-f9c0d7e4a375"><testcase classname="backend.tests.test_iteration50.TestWebScrapingAPI" name="test_get_stores_returns_list" time="1.503" /><testcase classname="backend.tests.test_iteration50.TestWebScrapingAPI" name="test_search_products_returns_json_structure" time="1.244" /><testcase classname="backend.tests.test_iteration50.TestWebScrapingAPI" name="test_search_with_short_query_fails" time="0.164" /><testcase classname="backend.tests.test_iteration50.TestCommunityFeedPublic" name="test_get_posts_returns_paginated_data" time="0.188" /><testcase classname="backend.tests.test_iteration50.TestCommunityFeedPublic" name="test_get_posts_with_filter" time="0.148" /><testcase classname="backend.tests.test_iteration50.TestCommunityFeedAuth" name="test_create_post_requires_auth" time="0.816" /><testcase classname="backend.tests.test_iteration50.TestCommunityFeedAuth" name="test_create_post_success" time="0.666" /><testcase classname="backend.tests.test_iteration50.TestCommunityFeedAuth" name="test_like_post_requires_auth" time="0.836" /><testcase classname="backend.tests.test_iteration50.TestCommunityFeedAuth" name="test_like_post_toggle" time="0.972" /><testcase classname="backend.tests.test_iteration50.TestCommunityFeedAuth" name="test_add_comment_requires_auth" time="0.844" /><testcase classname="backend.tests.test_iteration50.TestCommunityFeedAuth" name="test_add_comment_success" time="0.791" /><testcase classname="backend.tests.test_iteration50.TestCommunityFeedAuth" name="test_delete_post_requires_auth" time="0.820" /><testcase classname="backend.tests.test_iteration50.TestCommunityFeedAuth" name="test_delete_own_post" time="0.819" /><testcase classname="backend.tests.test_iteration50.TestPhotoDesignerPDF" name="test_photo_pdf_returns_valid_pdf" time="2.040" /><testcase classname="backend.tests.test_iteration50.TestPhotoDesignerPDF" name="test_photo_pdf_includes_region_labor" time="1.736" /><testcase classname="backend.tests.test_iteration50.TestAPIHealth" name="test_api_root_accessible" time="0.145" /><testcase classname="backend.tests.test_iteration50.TestAPIHealth" name="test_stats_live_returns_regions" time="0.180" /></testsuite></testsuites>