<?xml version="1.0" encoding="utf-8"?><testsuites name="pytest tests"><testsuite name="pytest" errors="0" failures="0" skipped="0" tests="10" time="21.738" timestamp="2026-03-06T19:31:07.391665+00:00" hostname="agent-env-77aa565a-f030-4c10-918d-6c2df57b41d3"><testcase classname="backend.tests.test_iteration46_reviews.TestReviewsAPI" name="test_get_reviews_returns_array" time="17.270" /><testcase classname="backend.tests.test_iteration46_reviews.TestReviewsAPI" name="test_get_reviews_returns_stats" time="0.419" /><testcase classname="backend.tests.test_iteration46_reviews.TestReviewsAPI" name="test_reviews_have_required_fields" time="0.303" /><testcase classname="backend.tests.test_iteration46_reviews.TestReviewsAPI" name="test_reviews_seeded_count" time="0.440" /><testcase classname="backend.tests.test_iteration46_reviews.TestReviewsAuthRequired" name="test_post_review_requires_auth" time="0.335" /><testcase classname="backend.tests.test_iteration46_reviews.TestStatsAPI" name="test_stats_returns_review_count" time="0.406" /><testcase classname="backend.tests.test_iteration46_reviews.TestStatsAPI" name="test_live_stats_returns_regions" time="0.490" /><testcase classname="backend.tests.test_iteration46_reviews.TestAPIEndpoints" name="test_api_root" time="0.474" /><testcase classname="backend.tests.test_iteration46_reviews.TestAPIEndpoints" name="test_categories_endpoint" time="0.304" /><testcase classname="backend.tests.test_iteration46_reviews.TestAPIEndpoints" name="test_companies_endpoint" time="0.465" /></testsuite></testsuites>