<?xml version="1.0" encoding="utf-8"?><testsuites name="pytest tests"><testsuite name="pytest" errors="0" failures="0" skipped="0" tests="7" time="6.469" timestamp="2026-03-06T19:08:15.617779+00:00" hostname="agent-env-77aa565a-f030-4c10-918d-6c2df57b41d3"><testcase classname="backend.tests.test_iteration45_updates.TestStatsEndpoint" name="test_stats_live_returns_regions" time="4.787" /><testcase classname="backend.tests.test_iteration45_updates.TestStatsEndpoint" name="test_stats_live_returns_free_slots" time="0.264" /><testcase classname="backend.tests.test_iteration45_updates.TestStatsEndpoint" name="test_stats_live_all_bulgarian_regions" time="0.350" /><testcase classname="backend.tests.test_iteration45_updates.TestCompanyRegistration" name="test_company_registration_requires_bulstat" time="0.208" /><testcase classname="backend.tests.test_iteration45_updates.TestCompanyRegistration" name="test_company_registration_validates_bulstat_format" time="0.187" /><testcase classname="backend.tests.test_iteration45_updates.TestAPIEndpoints" name="test_api_root" time="0.243" /><testcase classname="backend.tests.test_iteration45_updates.TestAPIEndpoints" name="test_categories_endpoint" time="0.210" /></testsuite></testsuites>