<?xml version="1.0" encoding="utf-8"?><testsuites name="pytest tests"><testsuite name="pytest" errors="0" failures="0" skipped="0" tests="6" time="3.100" timestamp="2026-03-06T20:21:13.549469+00:00" hostname="agent-env-1ffde544-0747-4fb9-98ad-f9c0d7e4a375"><testcase classname="backend.tests.test_iteration48.TestIteration48" name="test_api_root" time="1.921" /><testcase classname="backend.tests.test_iteration48.TestIteration48" name="test_reviews_no_360_text" time="0.149" /><testcase classname="backend.tests.test_iteration48.TestIteration48" name="test_photo_pdf_generates_pdf" time="0.344" /><testcase classname="backend.tests.test_iteration48.TestIteration48" name="test_my_projects_requires_auth" time="0.182" /><testcase classname="backend.tests.test_iteration48.TestIteration48" name="test_stats_live_returns_regions" time="0.198" /><testcase classname="backend.tests.test_iteration48.TestIteration48" name="test_categories_returns_list" time="0.160" /></testsuite></testsuites>