<?xml version="1.0" encoding="utf-8"?><testsuites name="pytest tests"><testsuite name="pytest" errors="0" failures="0" skipped="0" tests="6" time="3.452" timestamp="2026-03-06T20:34:38.866431+00:00" hostname="agent-env-1ffde544-0747-4fb9-98ad-f9c0d7e4a375"><testcase classname="backend.tests.test_iteration49.TestIteration49" name="test_api_root" time="0.406" /><testcase classname="backend.tests.test_iteration49.TestIteration49" name="test_reviews_no_360_text" time="0.740" /><testcase classname="backend.tests.test_iteration49.TestIteration49" name="test_pdf_generation_returns_pdf" time="0.713" /><testcase classname="backend.tests.test_iteration49.TestIteration49" name="test_pdf_cyrillic_headers" time="0.528" /><testcase classname="backend.tests.test_iteration49.TestIteration49" name="test_live_stats" time="0.393" /><testcase classname="backend.tests.test_iteration49.TestIteration49" name="test_categories" time="0.321" /></testsuite></testsuites>