<?xml version="1.0" encoding="utf-8"?><testsuites name="pytest tests"><testsuite name="pytest" errors="0" failures="0" skipped="0" tests="6" time="14.469" timestamp="2026-03-06T21:34:36.941322+00:00" hostname="agent-env-1ffde544-0747-4fb9-98ad-f9c0d7e4a375"><testcase classname="tests.test_iteration52.TestStoresEndpoint" name="test_stores_endpoint_returns_200" time="4.290" /><testcase classname="tests.test_iteration52.TestStoresEndpoint" name="test_stores_returns_exactly_21_stores" time="0.161" /><testcase classname="tests.test_iteration52.TestStoresEndpoint" name="test_technomarket_in_stores" time="0.190" /><testcase classname="tests.test_iteration52.TestStoresEndpoint" name="test_all_21_store_names" time="0.166" /><testcase classname="tests.test_iteration52.TestSearchEndpoint" name="test_search_returns_valid_json" time="8.383" /><testcase classname="tests.test_iteration52.TestAuthLogin" name="test_login_success" time="0.992" /></testsuite></testsuites>