<?xml version="1.0" encoding="utf-8"?><testsuites name="pytest tests"><testsuite name="pytest" errors="0" failures="0" skipped="0" tests="21" time="7.109" timestamp="2026-03-05T00:28:45.454333+00:00" hostname="agent-env-5a862d92-168b-4f57-a7bc-c97ab616a3e4"><testcase classname="backend.tests.test_phase3_redesign.TestPublishedProjectsListing" name="test_listing_returns_projects" time="0.312" /><testcase classname="backend.tests.test_phase3_redesign.TestPublishedProjectsListing" name="test_listing_has_new_fields" time="0.164" /><testcase classname="backend.tests.test_phase3_redesign.TestPublishedProjectsListing" name="test_materials_preview_structure" time="0.438" /><testcase classname="backend.tests.test_phase3_redesign.TestPublishedProjectsListing" name="test_listing_filters_by_room_type" time="0.150" /><testcase classname="backend.tests.test_phase3_redesign.TestPublishedProjectsListing" name="test_listing_filters_by_style" time="0.130" /><testcase classname="backend.tests.test_phase3_redesign.TestPublishedProjectsListing" name="test_listing_sort_by_popular" time="0.161" /><testcase classname="backend.tests.test_phase3_redesign.TestPublishedProjectsListing" name="test_listing_sort_by_top_rated" time="0.167" /><testcase classname="backend.tests.test_phase3_redesign.TestPublishedProjectDetail" name="test_detail_returns_full_project" time="0.223" /><testcase classname="backend.tests.test_phase3_redesign.TestPublishedProjectDetail" name="test_detail_materials_has_store_links" time="0.230" /><testcase classname="backend.tests.test_phase3_redesign.TestPublishedProjectDetail" name="test_detail_has_totals" time="0.221" /><testcase classname="backend.tests.test_phase3_redesign.TestPublishedProjectDetail" name="test_detail_404_for_nonexistent" time="0.127" /><testcase classname="backend.tests.test_phase3_redesign.TestLikeCommentRate" name="test_like_requires_auth" time="0.242" /><testcase classname="backend.tests.test_phase3_redesign.TestLikeCommentRate" name="test_comment_requires_auth" time="0.222" /><testcase classname="backend.tests.test_phase3_redesign.TestLikeCommentRate" name="test_rate_requires_auth" time="0.187" /><testcase classname="backend.tests.test_phase3_redesign.TestLikeCommentRate" name="test_like_toggle_with_auth" time="0.557" /><testcase classname="backend.tests.test_phase3_redesign.TestLikeCommentRate" name="test_comment_with_auth" time="0.587" /><testcase classname="backend.tests.test_phase3_redesign.TestLikeCommentRate" name="test_rate_with_auth" time="0.523" /><testcase classname="backend.tests.test_phase3_redesign.TestLikeCommentRate" name="test_rate_rejects_invalid" time="0.558" /><testcase classname="backend.tests.test_phase3_redesign.TestPDFDownloads" name="test_design_pdf_download" time="1.156" /><testcase classname="backend.tests.test_phase3_redesign.TestPDFDownloads" name="test_survey_pdf_download" time="0.431" /><testcase classname="backend.tests.test_phase3_redesign.TestPDFDownloads" name="test_pdf_404_for_nonexistent" time="0.139" /></testsuite></testsuites>