<?xml version="1.0" encoding="utf-8"?><testsuites name="pytest tests"><testsuite name="pytest" errors="0" failures="0" skipped="0" tests="9" time="3.918" timestamp="2026-03-07T01:09:43.432813+00:00" hostname="agent-env-fa1faf2d-2795-47bd-b339-2f0cc026dae3"><testcase classname="backend.tests.test_iter61_affiliate_links.TestAPIHealth" name="test_api_root" time="0.264" /><testcase classname="backend.tests.test_iter61_affiliate_links.TestAPIHealth" name="test_test_ai_endpoint" time="0.668" /><testcase classname="backend.tests.test_iter61_affiliate_links.TestCommunityPostAffiliateDetection" name="test_post_with_product_keyword_returns_affiliate_links" time="0.780" /><testcase classname="backend.tests.test_iter61_affiliate_links.TestCommunityPostAffiliateDetection" name="test_post_with_store_mention_targets_specific_store" time="0.339" /><testcase classname="backend.tests.test_iter61_affiliate_links.TestCommunityPostAffiliateDetection" name="test_post_without_product_keywords_returns_empty_affiliate_links" time="0.580" /><testcase classname="backend.tests.test_iter61_affiliate_links.TestCommunityPostAffiliateDetection" name="test_various_product_keywords" time="0.343" /><testcase classname="backend.tests.test_iter61_affiliate_links.TestCommunityPostsFeed" name="test_get_posts_includes_affiliate_links_field" time="0.200" /><testcase classname="backend.tests.test_iter61_affiliate_links.TestAffiliateURLFormat" name="test_affiliate_url_contains_tracking_params" time="0.290" /><testcase classname="backend.tests.test_iter61_affiliate_links.TestExistingTestPost" name="test_find_existing_post_with_affiliate_links" time="0.166" /></testsuite></testsuites>