<?xml version="1.0" encoding="utf-8"?><testsuites name="pytest tests"><testsuite name="pytest" errors="0" failures="0" skipped="0" tests="14" time="3.572" timestamp="2026-03-07T17:00:13.697954+00:00" hostname="agent-env-18e8d912-d341-4e60-98af-c0886f912193"><testcase classname="backend.tests.test_iteration74_visual_redesign.TestHealthAndBasicAPIs" name="test_health_endpoint" time="0.265" /><testcase classname="backend.tests.test_iteration74_visual_redesign.TestHealthAndBasicAPIs" name="test_stats_endpoint" time="0.204" /><testcase classname="backend.tests.test_iteration74_visual_redesign.TestHealthAndBasicAPIs" name="test_stats_live_endpoint" time="0.186" /><testcase classname="backend.tests.test_iteration74_visual_redesign.TestAuthenticationAPIs" name="test_register_client" time="0.452" /><testcase classname="backend.tests.test_iteration74_visual_redesign.TestAuthenticationAPIs" name="test_login_user" time="0.875" /><testcase classname="backend.tests.test_iteration74_visual_redesign.TestAuthenticationAPIs" name="test_login_invalid_credentials" time="0.147" /><testcase classname="backend.tests.test_iteration74_visual_redesign.TestCategoriesAndProjects" name="test_categories_endpoint" time="0.214" /><testcase classname="backend.tests.test_iteration74_visual_redesign.TestCategoriesAndProjects" name="test_projects_endpoint" time="0.184" /><testcase classname="backend.tests.test_iteration74_visual_redesign.TestCompaniesEndpoint" name="test_companies_endpoint" time="0.133" /><testcase classname="backend.tests.test_iteration74_visual_redesign.TestCompaniesEndpoint" name="test_companies_with_filters" time="0.142" /><testcase classname="backend.tests.test_iteration74_visual_redesign.TestCalculatorEndpoint" name="test_calculator_status" time="0.134" /><testcase classname="backend.tests.test_iteration74_visual_redesign.TestReviewsEndpoint" name="test_reviews_endpoint" time="0.147" /><testcase classname="backend.tests.test_iteration74_visual_redesign.TestAdditionalEndpoints" name="test_heartbeat" time="0.141" /><testcase classname="backend.tests.test_iteration74_visual_redesign.TestAdditionalEndpoints" name="test_subscriptions_plans" time="0.142" /></testsuite></testsuites>