<?xml version="1.0" encoding="utf-8"?><testsuites name="pytest tests"><testsuite name="pytest" errors="0" failures="0" skipped="0" tests="11" time="2.247" timestamp="2026-03-05T10:18:30.676594+00:00" hostname="agent-env-608a86de-1c97-44ce-9910-62d392ff3ed3"><testcase classname="backend.tests.test_iteration30_features.TestLiveCounterAPI" name="test_stats_live_returns_200" time="0.249" /><testcase classname="backend.tests.test_iteration30_features.TestLiveCounterAPI" name="test_stats_live_returns_required_fields" time="0.177" /><testcase classname="backend.tests.test_iteration30_features.TestLiveCounterAPI" name="test_stats_live_values_are_non_negative" time="0.144" /><testcase classname="backend.tests.test_iteration30_features.TestAISketchShareFeature" name="test_ai_sketch_analyze_returns_id" time="0.368" /><testcase classname="backend.tests.test_iteration30_features.TestAISketchShareFeature" name="test_ai_sketch_get_by_id" time="0.246" /><testcase classname="backend.tests.test_iteration30_features.TestAISketchShareFeature" name="test_ai_sketch_get_nonexistent_returns_404" time="0.110" /><testcase classname="backend.tests.test_iteration30_features.TestStatsEndpoint" name="test_stats_returns_200" time="0.120" /><testcase classname="backend.tests.test_iteration30_features.TestHealthCheck" name="test_api_root" time="0.119" /><testcase classname="backend.tests.test_iteration30_features.TestHealthCheck" name="test_homepage_loads" time="0.123" /><testcase classname="backend.tests.test_iteration30_features.TestHealthCheck" name="test_ai_sketch_page_loads" time="0.167" /><testcase classname="backend.tests.test_iteration30_features.TestHealthCheck" name="test_room_scan_page_loads" time="0.123" /></testsuite></testsuites>