<?xml version="1.0" encoding="utf-8"?><testsuites name="pytest tests"><testsuite name="pytest" errors="0" failures="0" skipped="2" tests="16" time="8.926" timestamp="2026-03-08T11:55:15.848612+00:00" hostname="agent-env-754d235f-e986-4155-a2f2-f8d061a56b2f"><testcase classname="backend.tests.test_iteration84_db_cleanup_and_projects.TestDBCleanupStats" name="test_live_stats_returns_valid_data" time="3.948" /><testcase classname="backend.tests.test_iteration84_db_cleanup_and_projects.TestProjectsPublicAccess" name="test_projects_endpoint_no_auth" time="0.166" /><testcase classname="backend.tests.test_iteration84_db_cleanup_and_projects.TestProjectsPublicAccess" name="test_projects_with_section_type_filter" time="0.265" /><testcase classname="backend.tests.test_iteration84_db_cleanup_and_projects.TestCategoriesEndpoint" name="test_categories_renovation" time="0.134" /><testcase classname="backend.tests.test_iteration84_db_cleanup_and_projects.TestCategoriesEndpoint" name="test_categories_construction" time="0.156" /><testcase classname="backend.tests.test_iteration84_db_cleanup_and_projects.TestCompaniesEndpoint" name="test_companies_list_empty" time="0.143" /><testcase classname="backend.tests.test_iteration84_db_cleanup_and_projects.TestUserRegistration" name="test_register_client_user" time="0.499" /><testcase classname="backend.tests.test_iteration84_db_cleanup_and_projects.TestUserRegistration" name="test_register_company_user" time="0.512" /><testcase classname="backend.tests.test_iteration84_db_cleanup_and_projects.TestCreateProjectFlow" name="test_create_project_requires_auth" time="0.789" /><testcase classname="backend.tests.test_iteration84_db_cleanup_and_projects.TestCreateProjectFlow" name="test_create_renovation_project" time="0.763" /><testcase classname="backend.tests.test_iteration84_db_cleanup_and_projects.TestCreateProjectFlow" name="test_create_construction_project" time="0.617" /><testcase classname="backend.tests.test_iteration84_db_cleanup_and_projects.TestCompanyPhotoLimits" name="test_basic_plan_photo_limit" time="0.137"><skipped type="pytest.skip" message="Could not register test company: {&quot;detail&quot;:&quot;Булстатът е задължителен за фирми&quot;}">/app/backend/tests/test_iteration84_db_cleanup_and_projects.py:242: Could not register test company: {"detail":"Булстатът е задължителен за фирми"}</skipped></testcase><testcase classname="backend.tests.test_iteration84_db_cleanup_and_projects.TestCompanyPhotoLimits" name="test_within_photo_limit" time="0.137"><skipped type="pytest.skip" message="Could not register test company: {&quot;detail&quot;:&quot;Булстатът е задължителен за фирми&quot;}">/app/backend/tests/test_iteration84_db_cleanup_and_projects.py:257: Could not register test company: {"detail":"Булстатът е задължителен за фирми"}</skipped></testcase><testcase classname="backend.tests.test_iteration84_db_cleanup_and_projects.TestSubscriptionPlans" name="test_subscription_plans_endpoint" time="0.146" /><testcase classname="backend.tests.test_iteration84_db_cleanup_and_projects.TestHealthAndBasicEndpoints" name="test_health_endpoint" time="0.131" /><testcase classname="backend.tests.test_iteration84_db_cleanup_and_projects.TestHealthAndBasicEndpoints" name="test_stats_endpoint" time="0.140" /></testsuite></testsuites>