<?xml version="1.0" encoding="utf-8"?><testsuites name="pytest tests"><testsuite name="pytest" errors="0" failures="0" skipped="0" tests="20" time="11.440" timestamp="2026-03-05T23:51:39.716950+00:00" hostname="agent-env-578b273e-b605-47bf-9e72-f954153ead3a"><testcase classname="backend.tests.test_challenges_referrals.TestWeeklyChallengesActive" name="test_active_challenges_returns_3_challenges" time="5.634" /><testcase classname="backend.tests.test_challenges_referrals.TestWeeklyChallengesActive" name="test_active_challenges_has_week_bounds" time="0.097" /><testcase classname="backend.tests.test_challenges_referrals.TestWeeklyChallengesActive" name="test_challenge_structure" time="0.080" /><testcase classname="backend.tests.test_challenges_referrals.TestChallengeProgress" name="test_progress_requires_auth" time="0.065" /><testcase classname="backend.tests.test_challenges_referrals.TestChallengeProgress" name="test_progress_returns_data" time="0.784" /><testcase classname="backend.tests.test_challenges_referrals.TestChallengeProgress" name="test_progress_structure" time="0.076" /><testcase classname="backend.tests.test_challenges_referrals.TestChallengeClaim" name="test_claim_requires_auth" time="0.087" /><testcase classname="backend.tests.test_challenges_referrals.TestChallengeClaim" name="test_claim_invalid_challenge" time="0.081" /><testcase classname="backend.tests.test_challenges_referrals.TestChallengeClaim" name="test_claim_incomplete_challenge" time="0.184" /><testcase classname="backend.tests.test_challenges_referrals.TestReferralMyLink" name="test_my_link_requires_auth" time="0.058" /><testcase classname="backend.tests.test_challenges_referrals.TestReferralMyLink" name="test_my_link_returns_data" time="0.056" /><testcase classname="backend.tests.test_challenges_referrals.TestReferralStats" name="test_stats_requires_auth" time="0.055" /><testcase classname="backend.tests.test_challenges_referrals.TestReferralStats" name="test_stats_returns_data" time="0.066" /><testcase classname="backend.tests.test_challenges_referrals.TestReferralApply" name="test_apply_invalid_code" time="0.070" /><testcase classname="backend.tests.test_challenges_referrals.TestReferralApply" name="test_apply_self_referral_rejected" time="1.116" /><testcase classname="backend.tests.test_challenges_referrals.TestReferralApply" name="test_apply_valid_referral" time="0.288" /><testcase classname="backend.tests.test_challenges_referrals.TestRegistrationWithReferral" name="test_registration_with_valid_referral" time="1.899" /><testcase classname="backend.tests.test_challenges_referrals.TestLeaderboardEndpoints" name="test_clients_leaderboard" time="0.059" /><testcase classname="backend.tests.test_challenges_referrals.TestLeaderboardEndpoints" name="test_firms_leaderboard" time="0.066" /><testcase classname="backend.tests.test_challenges_referrals.TestLeaderboardEndpoints" name="test_my_rank" time="0.058" /></testsuite></testsuites>