<?xml version="1.0" encoding="utf-8"?><testsuites name="pytest tests"><testsuite name="pytest" errors="0" failures="0" skipped="0" tests="10" time="3.009" timestamp="2026-03-07T18:59:12.884817+00:00" hostname="agent-env-4e88779a-a5a1-4e43-a4fe-fa02f63e6c7e"><testcase classname="backend.tests.test_iteration78_ai_designer_speed.TestHealthEndpoint" name="test_health_returns_ok" time="1.270" /><testcase classname="backend.tests.test_iteration78_ai_designer_speed.TestAuth" name="test_login_with_valid_credentials" time="0.371" /><testcase classname="backend.tests.test_iteration78_ai_designer_speed.TestAuth" name="test_login_with_invalid_credentials" time="0.088" /><testcase classname="backend.tests.test_iteration78_ai_designer_speed.TestAIDesignerPhotoGenerate" name="test_photo_generate_endpoint_exists" time="0.107" /><testcase classname="backend.tests.test_iteration78_ai_designer_speed.TestAIDesignerPhotoGenerate" name="test_photo_generate_requires_photo" time="0.526" /><testcase classname="backend.tests.test_iteration78_ai_designer_speed.TestStatsAndLive" name="test_stats_live_returns_data" time="0.131" /><testcase classname="backend.tests.test_iteration78_ai_designer_speed.TestStatsAndLive" name="test_stats_returns_totals" time="0.090" /><testcase classname="backend.tests.test_iteration78_ai_designer_speed.TestCategories" name="test_categories_returns_construction_categories" time="0.100" /><testcase classname="backend.tests.test_iteration78_ai_designer_speed.TestCompanies" name="test_companies_returns_list" time="0.066" /><testcase classname="backend.tests.test_iteration78_ai_designer_speed.TestProjects" name="test_projects_returns_list" time="0.092" /></testsuite></testsuites>