<?xml version="1.0" encoding="utf-8"?><testsuites name="pytest tests"><testsuite name="pytest" errors="0" failures="0" skipped="0" tests="21" time="6.510" timestamp="2026-03-04T23:15:40.011928+00:00" hostname="agent-env-d35821f6-7028-41b6-9fd4-ed2c1b437a90"><testcase classname="backend.tests.test_phase3_iter17.TestHealthAndBasicAPIs" name="test_api_root" time="0.410" /><testcase classname="backend.tests.test_phase3_iter17.TestHealthAndBasicAPIs" name="test_stats" time="0.236" /><testcase classname="backend.tests.test_phase3_iter17.TestHealthAndBasicAPIs" name="test_categories" time="0.218" /><testcase classname="backend.tests.test_phase3_iter17.TestFeedbackEndpoints" name="test_submit_feedback_full" time="0.252" /><testcase classname="backend.tests.test_phase3_iter17.TestFeedbackEndpoints" name="test_submit_feedback_rating_only" time="0.247" /><testcase classname="backend.tests.test_phase3_iter17.TestFeedbackEndpoints" name="test_submit_feedback_no_name" time="0.518" /><testcase classname="backend.tests.test_phase3_iter17.TestFeedbackEndpoints" name="test_get_feedback_list" time="0.227" /><testcase classname="backend.tests.test_phase3_iter17.TestSubscriptionPlansEndpoint" name="test_get_subscription_plans" time="0.128" /><testcase classname="backend.tests.test_phase3_iter17.TestAIDesignerEndpoints" name="test_ai_designer_generate_no_image" time="0.225" /><testcase classname="backend.tests.test_phase3_iter17.TestAIDesignerEndpoints" name="test_ai_designer_gallery" time="0.479" /><testcase classname="backend.tests.test_phase3_iter17.TestRegistrationWithUserTypes" name="test_register_client" time="0.707" /><testcase classname="backend.tests.test_phase3_iter17.TestRegistrationWithUserTypes" name="test_register_master" time="0.569" /><testcase classname="backend.tests.test_phase3_iter17.TestRegistrationWithUserTypes" name="test_register_company_without_bulstat_fails" time="0.137" /><testcase classname="backend.tests.test_phase3_iter17.TestRegistrationWithUserTypes" name="test_register_company_with_bulstat" time="0.587" /><testcase classname="backend.tests.test_phase3_iter17.TestRegistrationWithUserTypes" name="test_register_designer" time="0.439" /><testcase classname="backend.tests.test_phase3_iter17.TestDemoDataAndCompanies" name="test_demo_projects" time="0.153" /><testcase classname="backend.tests.test_phase3_iter17.TestDemoDataAndCompanies" name="test_top_companies" time="0.148" /><testcase classname="backend.tests.test_phase3_iter17.TestDemoDataAndCompanies" name="test_companies_list" time="0.135" /><testcase classname="backend.tests.test_phase3_iter17.TestDemoDataAndCompanies" name="test_projects_list" time="0.123" /><testcase classname="backend.tests.test_phase3_iter17.TestAdsEndpoint" name="test_ads_list" time="0.123" /><testcase classname="backend.tests.test_phase3_iter17.TestAIDesignStatus" name="test_ai_design_status" time="0.135" /></testsuite></testsuites>