<?xml version="1.0" encoding="utf-8"?><testsuites name="pytest tests"><testsuite name="pytest" errors="0" failures="0" skipped="0" tests="12" time="40.511" timestamp="2026-03-07T13:39:58.349956+00:00" hostname="agent-env-ceefb6a0-5416-4b3e-8173-ab528c3ee118"><testcase classname="backend.tests.test_iteration67_chat_ai.TestUserSearch" name="test_user_search_with_valid_query" time="3.109" /><testcase classname="backend.tests.test_iteration67_chat_ai.TestUserSearch" name="test_user_search_short_query_returns_empty" time="0.679" /><testcase classname="backend.tests.test_iteration67_chat_ai.TestUserSearch" name="test_user_search_requires_auth" time="0.586" /><testcase classname="backend.tests.test_iteration67_chat_ai.TestMessaging" name="test_send_message" time="1.184" /><testcase classname="backend.tests.test_iteration67_chat_ai.TestMessaging" name="test_get_conversations" time="0.937" /><testcase classname="backend.tests.test_iteration67_chat_ai.TestMessaging" name="test_get_messages_for_conversation" time="1.249" /><testcase classname="backend.tests.test_iteration67_chat_ai.TestMessaging" name="test_get_unread_count" time="0.951" /><testcase classname="backend.tests.test_iteration67_chat_ai.TestAISuggestionAnalysis" name="test_get_existing_analysis" time="0.148" /><testcase classname="backend.tests.test_iteration67_chat_ai.TestAISuggestionAnalysis" name="test_run_ai_analysis" time="15.500" /><testcase classname="backend.tests.test_iteration67_chat_ai.TestAISuggestionAnalysis" name="test_analysis_is_persisted" time="13.951" /><testcase classname="backend.tests.test_iteration67_chat_ai.TestUserBasicEndpoint" name="test_get_user_basic_info" time="0.550" /><testcase classname="backend.tests.test_iteration67_chat_ai.TestUserBasicEndpoint" name="test_get_user_basic_invalid_id" time="1.157" /></testsuite></testsuites>