<?xml version="1.0" encoding="utf-8"?><testsuites name="pytest tests"><testsuite name="pytest" errors="0" failures="0" skipped="0" tests="23" time="3.851" timestamp="2026-03-05T02:18:24.564059+00:00" hostname="agent-env-31e06d32-d87b-422f-94cc-2e66f1a1a642"><testcase classname="backend.tests.test_iteration23_pricing_updates.TestSubscriptionPlansAPI" name="test_subscriptions_plans_endpoint_returns_200" time="0.339" /><testcase classname="backend.tests.test_iteration23_pricing_updates.TestSubscriptionPlansAPI" name="test_starter_plan_price_20_eur" time="0.145" /><testcase classname="backend.tests.test_iteration23_pricing_updates.TestSubscriptionPlansAPI" name="test_pro_plan_price_40_eur" time="0.142" /><testcase classname="backend.tests.test_iteration23_pricing_updates.TestSubscriptionPlansAPI" name="test_premium_plan_price_79_eur" time="0.133" /><testcase classname="backend.tests.test_iteration23_pricing_updates.TestProPlanAIDesignerRemoved" name="test_pro_plan_has_no_ai_designer_limitation" time="0.160" /><testcase classname="backend.tests.test_iteration23_pricing_updates.TestProPlanAIDesignerRemoved" name="test_pro_plan_features_do_not_include_ai_designer" time="0.191" /><testcase classname="backend.tests.test_iteration23_pricing_updates.TestPremiumPlanAIDesigner" name="test_premium_includes_ai_designer_5_variants" time="0.130" /><testcase classname="backend.tests.test_iteration23_pricing_updates.TestPremiumPlanAIDesigner" name="test_premium_has_no_limitations" time="0.133" /><testcase classname="backend.tests.test_iteration23_pricing_updates.TestStandaloneServices" name="test_pdf_contract_price_6_eur" time="0.187" /><testcase classname="backend.tests.test_iteration23_pricing_updates.TestStandaloneServices" name="test_ai_blueprint_price_17_eur" time="0.146" /><testcase classname="backend.tests.test_iteration23_pricing_updates.TestAIDesignerModule" name="test_ai_designer_price_12_eur_per_generation" time="0.165" /><testcase classname="backend.tests.test_iteration23_pricing_updates.TestAIDesignerModule" name="test_ai_designer_bundle_3_variants_29_eur" time="0.157" /><testcase classname="backend.tests.test_iteration23_pricing_updates.TestAIDesignerModule" name="test_ai_designer_bundle_5_variants_45_eur" time="0.129" /><testcase classname="backend.tests.test_iteration23_pricing_updates.TestStarterPlanLimitations" name="test_starter_plan_has_expected_limitations" time="0.139" /><testcase classname="backend.tests.test_iteration23_pricing_updates.TestPagesLoad" name="test_homepage_loads" time="0.131" /><testcase classname="backend.tests.test_iteration23_pricing_updates.TestPagesLoad" name="test_subscriptions_page_loads" time="0.180" /><testcase classname="backend.tests.test_iteration23_pricing_updates.TestPagesLoad" name="test_ai_designer_page_loads" time="0.135" /><testcase classname="backend.tests.test_iteration23_pricing_updates.TestPagesLoad" name="test_ai_sketch_page_loads" time="0.140" /><testcase classname="backend.tests.test_iteration23_pricing_updates.TestPagesLoad" name="test_ai_gallery_page_loads" time="0.130" /><testcase classname="backend.tests.test_iteration23_pricing_updates.TestPagesLoad" name="test_calculator_page_loads" time="0.174" /><testcase classname="backend.tests.test_iteration23_pricing_updates.TestOtherEndpoints" name="test_api_stats" time="0.206" /><testcase classname="backend.tests.test_iteration23_pricing_updates.TestOtherEndpoints" name="test_api_categories" time="0.152" /><testcase classname="backend.tests.test_iteration23_pricing_updates.TestOtherEndpoints" name="test_api_ai_designer_published" time="0.144" /></testsuite></testsuites>