<?xml version="1.0" encoding="utf-8"?><testsuites name="pytest tests"><testsuite name="pytest" errors="0" failures="1" skipped="0" tests="9" time="27.506" timestamp="2026-03-07T19:19:04.531022+00:00" hostname="agent-env-4e88779a-a5a1-4e43-a4fe-fa02f63e6c7e"><testcase classname="backend.tests.test_iteration79_async_tasks.TestHealthAndBasics" name="test_health_endpoint" time="11.070"><failure message="requests.exceptions.ReadTimeout: HTTPSConnectionPool(host='temadom-speed.preview.emergentagent.com', port=443): Read timed out. (read timeout=10)">/root/.venv/lib/python3.11/site-packages/urllib3/connectionpool.py:534: in _make_request
    response = conn.getresponse()
               ^^^^^^^^^^^^^^^^^^
/root/.venv/lib/python3.11/site-packages/urllib3/connection.py:571: in getresponse
    httplib_response = super().getresponse()
                       ^^^^^^^^^^^^^^^^^^^^^
/usr/local/lib/python3.11/http/client.py:1395: in getresponse
    response.begin()
/usr/local/lib/python3.11/http/client.py:325: in begin
    version, status, reason = self._read_status()
                              ^^^^^^^^^^^^^^^^^^^
/usr/local/lib/python3.11/http/client.py:286: in _read_status
    line = str(self.fp.readline(_MAXLINE + 1), "iso-8859-1")
               ^^^^^^^^^^^^^^^^^^^^^^^^^^^^^^
/usr/local/lib/python3.11/socket.py:718: in readinto
    return self._sock.recv_into(b)
           ^^^^^^^^^^^^^^^^^^^^^^^
/usr/local/lib/python3.11/ssl.py:1314: in recv_into
    return self.read(nbytes, buffer)
           ^^^^^^^^^^^^^^^^^^^^^^^^^
/usr/local/lib/python3.11/ssl.py:1166: in read
    return self._sslobj.read(len, buffer)
           ^^^^^^^^^^^^^^^^^^^^^^^^^^^^^^
E   TimeoutError: The read operation timed out

The above exception was the direct cause of the following exception:
/root/.venv/lib/python3.11/site-packages/requests/adapters.py:644: in send
    resp = conn.urlopen(
/root/.venv/lib/python3.11/site-packages/urllib3/connectionpool.py:841: in urlopen
    retries = retries.increment(
/root/.venv/lib/python3.11/site-packages/urllib3/util/retry.py:490: in increment
    raise reraise(type(error), error, _stacktrace)
          ^^^^^^^^^^^^^^^^^^^^^^^^^^^^^^^^^^^^^^^^
/root/.venv/lib/python3.11/site-packages/urllib3/util/util.py:39: in reraise
    raise value
/root/.venv/lib/python3.11/site-packages/urllib3/connectionpool.py:787: in urlopen
    response = self._make_request(
/root/.venv/lib/python3.11/site-packages/urllib3/connectionpool.py:536: in _make_request
    self._raise_timeout(err=e, url=url, timeout_value=read_timeout)
/root/.venv/lib/python3.11/site-packages/urllib3/connectionpool.py:367: in _raise_timeout
    raise ReadTimeoutError(
E   urllib3.exceptions.ReadTimeoutError: HTTPSConnectionPool(host='temadom-speed.preview.emergentagent.com', port=443): Read timed out. (read timeout=10)

During handling of the above exception, another exception occurred:
backend/tests/test_iteration79_async_tasks.py:19: in test_health_endpoint
    response = requests.get(f"{BASE_URL}/api/health", timeout=10)
               ^^^^^^^^^^^^^^^^^^^^^^^^^^^^^^^^^^^^^^^^^^^^^^^^^^
/root/.venv/lib/python3.11/site-packages/requests/api.py:73: in get
    return request("get", url, params=params, **kwargs)
           ^^^^^^^^^^^^^^^^^^^^^^^^^^^^^^^^^^^^^^^^^^^^
/root/.venv/lib/python3.11/site-packages/requests/api.py:59: in request
    return session.request(method=method, url=url, **kwargs)
           ^^^^^^^^^^^^^^^^^^^^^^^^^^^^^^^^^^^^^^^^^^^^^^^^^
/root/.venv/lib/python3.11/site-packages/requests/sessions.py:589: in request
    resp = self.send(prep, **send_kwargs)
           ^^^^^^^^^^^^^^^^^^^^^^^^^^^^^^
/root/.venv/lib/python3.11/site-packages/requests/sessions.py:703: in send
    r = adapter.send(request, **kwargs)
        ^^^^^^^^^^^^^^^^^^^^^^^^^^^^^^^
/root/.venv/lib/python3.11/site-packages/requests/adapters.py:690: in send
    raise ReadTimeout(e, request=request)
E   requests.exceptions.ReadTimeout: HTTPSConnectionPool(host='temadom-speed.preview.emergentagent.com', port=443): Read timed out. (read timeout=10)</failure></testcase><testcase classname="backend.tests.test_iteration79_async_tasks.TestHealthAndBasics" name="test_stats_live" time="7.571" /><testcase classname="backend.tests.test_iteration79_async_tasks.TestAuthFlow" name="test_login_valid_credentials" time="0.650" /><testcase classname="backend.tests.test_iteration79_async_tasks.TestAuthFlow" name="test_login_invalid_credentials" time="0.220" /><testcase classname="backend.tests.test_iteration79_async_tasks.TestAsyncTaskSystem" name="test_task_endpoint_invalid_id_returns_404" time="0.237" /><testcase classname="backend.tests.test_iteration79_async_tasks.TestAsyncTaskSystem" name="test_photo_generate_endpoint_exists" time="0.166" /><testcase classname="backend.tests.test_iteration79_async_tasks.TestAsyncTaskSystem" name="test_photo_generate_returns_task_id_quickly" time="0.897" /><testcase classname="backend.tests.test_iteration79_async_tasks.TestAsyncTaskSystem" name="test_task_polling_returns_progress" time="3.845" /><testcase classname="backend.tests.test_iteration79_async_tasks.TestCategories" name="test_categories_returns_list" time="0.343" /></testsuite></testsuites>