<?xml version="1.0" encoding="utf-8"?><testsuites name="pytest tests"><testsuite name="pytest" errors="0" failures="0" skipped="0" tests="8" time="8.508" timestamp="2026-03-05T04:40:10.739009+00:00" hostname="agent-env-5f73751a-044e-42da-b800-bd01df2c8860"><testcase classname="backend.tests.test_scanner3d.TestScanner3DPDF" name="test_scanner3d_pdf_single_item" time="3.784" /><testcase classname="backend.tests.test_scanner3d.TestScanner3DPDF" name="test_scanner3d_pdf_multiple_items" time="0.320" /><testcase classname="backend.tests.test_scanner3d.TestScanner3DPDF" name="test_scanner3d_pdf_empty_items" time="0.315" /><testcase classname="backend.tests.test_scanner3d.TestScanner3DPDF" name="test_scanner3d_pdf_bulgarian_text" time="0.882" /><testcase classname="backend.tests.test_scanner3d.TestScanner3DPDF" name="test_scanner3d_pdf_total_calculation" time="2.270" /><testcase classname="backend.tests.test_scanner3d.TestAPIHealth" name="test_api_root" time="0.119" /><testcase classname="backend.tests.test_scanner3d.TestAPIHealth" name="test_categories_endpoint" time="0.147" /><testcase classname="backend.tests.test_scanner3d.TestAPIHealth" name="test_stats_endpoint" time="0.173" /></testsuite></testsuites>