<?xml version="1.0" encoding="utf-8"?><testsuites name="pytest tests"><testsuite name="pytest" errors="0" failures="1" skipped="0" tests="11" time="67.270" timestamp="2026-03-07T19:51:48.980096+00:00" hostname="agent-env-4e88779a-a5a1-4e43-a4fe-fa02f63e6c7e"><testcase classname="backend.tests.test_iteration80_mobile_fix.TestHealthAndBasics" name="test_health_endpoint" time="3.664" /><testcase classname="backend.tests.test_iteration80_mobile_fix.TestHealthAndBasics" name="test_stats_live_endpoint" time="0.108" /><testcase classname="backend.tests.test_iteration80_mobile_fix.TestTaskPollingEndpoint" name="test_invalid_task_id_returns_404" time="0.075" /><testcase classname="backend.tests.test_iteration80_mobile_fix.TestTaskPollingEndpoint" name="test_task_endpoint_structure" time="0.062" /><testcase classname="backend.tests.test_iteration80_mobile_fix.TestResultEndpoint" name="test_invalid_design_id_returns_404" time="0.064" /><testcase classname="backend.tests.test_iteration80_mobile_fix.TestResultEndpoint" name="test_result_endpoint_structure" time="0.064" /><testcase classname="backend.tests.test_iteration80_mobile_fix.TestPhotoGenerateEndpoint" name="test_endpoint_exists_and_requires_photo" time="0.061" /><testcase classname="backend.tests.test_iteration80_mobile_fix.TestPhotoGenerateEndpoint" name="test_photo_generate_returns_task_id_immediately" time="0.947" /><testcase classname="backend.tests.test_iteration80_mobile_fix.TestFullAsyncFlow" name="test_complete_async_poll_flow" time="31.611"><failure message="requests.exceptions.ReadTimeout: HTTPSConnectionPool(host='temadom-speed.preview.emergentagent.com', port=443): Read timed out. (read timeout=10)">/root/.venv/lib/python3.11/site-packages/urllib3/connectionpool.py:534: in _make_request
    response = conn.getresponse()
               ^^^^^^^^^^^^^^^^^^
/root/.venv/lib/python3.11/site-packages/urllib3/connection.py:571: in getresponse
    httplib_response = super().getresponse()
                       ^^^^^^^^^^^^^^^^^^^^^
/usr/local/lib/python3.11/http/client.py:1395: in getresponse
    response.begin()
/usr/local/lib/python3.11/http/client.py:325: in begin
    version, status, reason = self._read_status()
                              ^^^^^^^^^^^^^^^^^^^
/usr/local/lib/python3.11/http/client.py:286: in _read_status
    line = str(self.fp.readline(_MAXLINE + 1), "iso-8859-1")
               ^^^^^^^^^^^^^^^^^^^^^^^^^^^^^^
/usr/local/lib/python3.11/socket.py:718: in readinto
    return self._sock.recv_into(b)
           ^^^^^^^^^^^^^^^^^^^^^^^
/usr/local/lib/python3.11/ssl.py:1314: in recv_into
    return self.read(nbytes, buffer)
           ^^^^^^^^^^^^^^^^^^^^^^^^^
/usr/local/lib/python3.11/ssl.py:1166: in read
    return self._sslobj.read(len, buffer)
           ^^^^^^^^^^^^^^^^^^^^^^^^^^^^^^
E   TimeoutError: The read operation timed out

The above exception was the direct cause of the following exception:
/root/.venv/lib/python3.11/site-packages/requests/adapters.py:644: in send
    resp = conn.urlopen(
/root/.venv/lib/python3.11/site-packages/urllib3/connectionpool.py:841: in urlopen
    retries = retries.increment(
/root/.venv/lib/python3.11/site-packages/urllib3/util/retry.py:490: in increment
    raise reraise(type(error), error, _stacktrace)
          ^^^^^^^^^^^^^^^^^^^^^^^^^^^^^^^^^^^^^^^^
/root/.venv/lib/python3.11/site-packages/urllib3/util/util.py:39: in reraise
    raise value
/root/.venv/lib/python3.11/site-packages/urllib3/connectionpool.py:787: in urlopen
    response = self._make_request(
/root/.venv/lib/python3.11/site-packages/urllib3/connectionpool.py:536: in _make_request
    self._raise_timeout(err=e, url=url, timeout_value=read_timeout)
/root/.venv/lib/python3.11/site-packages/urllib3/connectionpool.py:367: in _raise_timeout
    raise ReadTimeoutError(
E   urllib3.exceptions.ReadTimeoutError: HTTPSConnectionPool(host='temadom-speed.preview.emergentagent.com', port=443): Read timed out. (read timeout=10)

During handling of the above exception, another exception occurred:
backend/tests/test_iteration80_mobile_fix.py:198: in test_complete_async_poll_flow
    poll_response = api_client.get(
/root/.venv/lib/python3.11/site-packages/requests/sessions.py:602: in get
    return self.request("GET", url, **kwargs)
           ^^^^^^^^^^^^^^^^^^^^^^^^^^^^^^^^^^
/root/.venv/lib/python3.11/site-packages/requests/sessions.py:589: in request
    resp = self.send(prep, **send_kwargs)
           ^^^^^^^^^^^^^^^^^^^^^^^^^^^^^^
/root/.venv/lib/python3.11/site-packages/requests/sessions.py:703: in send
    r = adapter.send(request, **kwargs)
        ^^^^^^^^^^^^^^^^^^^^^^^^^^^^^^^
/root/.venv/lib/python3.11/site-packages/requests/adapters.py:690: in send
    raise ReadTimeout(e, request=request)
E   requests.exceptions.ReadTimeout: HTTPSConnectionPool(host='temadom-speed.preview.emergentagent.com', port=443): Read timed out. (read timeout=10)</failure></testcase><testcase classname="backend.tests.test_iteration80_mobile_fix.TestAuthentication" name="test_login_with_valid_credentials" time="9.322" /><testcase classname="backend.tests.test_iteration80_mobile_fix.TestAuthentication" name="test_login_with_invalid_credentials" time="20.843" /></testsuite></testsuites>