<?xml version="1.0" encoding="utf-8"?><testsuites name="pytest tests"><testsuite name="pytest" errors="0" failures="0" skipped="0" tests="17" time="12.106" timestamp="2026-03-07T13:24:11.888719+00:00" hostname="agent-env-ceefb6a0-5416-4b3e-8173-ab528c3ee118"><testcase classname="backend.tests.test_iteration_66.TestFeedbackAPI" name="test_get_feedback" time="8.752" /><testcase classname="backend.tests.test_iteration_66.TestFeedbackAPI" name="test_post_feedback" time="0.208" /><testcase classname="backend.tests.test_iteration_66.TestFeedbackAPI" name="test_post_feedback_invalid_rating" time="0.269" /><testcase classname="backend.tests.test_iteration_66.TestSuggestionsAPI" name="test_get_suggestions" time="0.228" /><testcase classname="backend.tests.test_iteration_66.TestSuggestionsAPI" name="test_post_suggestion" time="0.127" /><testcase classname="backend.tests.test_iteration_66.TestSuggestionsAPI" name="test_post_suggestion_empty_text" time="0.126" /><testcase classname="backend.tests.test_iteration_66.TestSuggestionsAPI" name="test_vote_suggestion" time="0.619" /><testcase classname="backend.tests.test_iteration_66.TestSuggestionsAPI" name="test_vote_nonexistent_suggestion" time="0.118" /><testcase classname="backend.tests.test_iteration_66.TestCompaniesAPI" name="test_get_companies" time="0.124" /><testcase classname="backend.tests.test_iteration_66.TestCompaniesAPI" name="test_get_companies_filter_by_user_type_company" time="0.150" /><testcase classname="backend.tests.test_iteration_66.TestCompaniesAPI" name="test_get_companies_filter_by_user_type_master" time="0.134" /><testcase classname="backend.tests.test_iteration_66.TestStatsAPI" name="test_get_live_stats" time="0.146" /><testcase classname="backend.tests.test_iteration_66.TestPublicEndpointsAccessibility" name="test_companies_is_public" time="0.123" /><testcase classname="backend.tests.test_iteration_66.TestPublicEndpointsAccessibility" name="test_feedback_get_is_public" time="0.234" /><testcase classname="backend.tests.test_iteration_66.TestPublicEndpointsAccessibility" name="test_suggestions_get_is_public" time="0.119" /><testcase classname="backend.tests.test_iteration_66.TestPublicEndpointsAccessibility" name="test_feedback_post_is_public" time="0.123" /><testcase classname="backend.tests.test_iteration_66.TestPublicEndpointsAccessibility" name="test_suggestions_post_is_public" time="0.134" /></testsuite></testsuites>