<?xml version="1.0" encoding="utf-8"?><testsuites name="pytest tests"><testsuite name="pytest" errors="0" failures="0" skipped="0" tests="27" time="10.352" timestamp="2026-03-07T18:07:15.164304+00:00" hostname="agent-env-d3c78b87-9639-47f0-a260-e6a479f1502e"><testcase classname="tests.test_iteration77_launch_readiness.TestHealth" name="test_api_health" time="0.427" /><testcase classname="tests.test_iteration77_launch_readiness.TestHealth" name="test_stats" time="0.063" /><testcase classname="tests.test_iteration77_launch_readiness.TestHealth" name="test_stats_live" time="0.091" /><testcase classname="tests.test_iteration77_launch_readiness.TestAuth" name="test_login_success" time="0.337" /><testcase classname="tests.test_iteration77_launch_readiness.TestAuth" name="test_login_invalid_credentials" time="0.327" /><testcase classname="tests.test_iteration77_launch_readiness.TestAuth" name="test_get_me" time="0.389" /><testcase classname="tests.test_iteration77_launch_readiness.TestSubscriptions" name="test_get_subscription_plans" time="0.057" /><testcase classname="tests.test_iteration77_launch_readiness.TestSubscriptions" name="test_activate_subscription" time="0.066" /><testcase classname="tests.test_iteration77_launch_readiness.TestSubscriptions" name="test_check_feature_telegram_pro" time="0.061" /><testcase classname="tests.test_iteration77_launch_readiness.TestSubscriptions" name="test_check_feature_pdf_contracts_pro" time="0.065" /><testcase classname="tests.test_iteration77_launch_readiness.TestSubscriptions" name="test_get_my_subscription" time="0.059" /><testcase classname="tests.test_iteration77_launch_readiness.TestChat" name="test_send_message" time="0.776" /><testcase classname="tests.test_iteration77_launch_readiness.TestChat" name="test_chat_typing" time="0.067" /><testcase classname="tests.test_iteration77_launch_readiness.TestChat" name="test_chat_online_heartbeat" time="0.058" /><testcase classname="tests.test_iteration77_launch_readiness.TestChat" name="test_get_conversations" time="0.064" /><testcase classname="tests.test_iteration77_launch_readiness.TestPDFGeneration" name="test_calculator_pdf" time="2.764" /><testcase classname="tests.test_iteration77_launch_readiness.TestPDFGeneration" name="test_contract_pdf" time="0.269" /><testcase classname="tests.test_iteration77_launch_readiness.TestProductScraping" name="test_get_stores_list" time="0.067" /><testcase classname="tests.test_iteration77_launch_readiness.TestProductScraping" name="test_product_search" time="3.615" /><testcase classname="tests.test_iteration77_launch_readiness.TestProjectsCompanies" name="test_get_projects" time="0.073" /><testcase classname="tests.test_iteration77_launch_readiness.TestProjectsCompanies" name="test_get_companies" time="0.066" /><testcase classname="tests.test_iteration77_launch_readiness.TestProjectsCompanies" name="test_get_categories" time="0.063" /><testcase classname="tests.test_iteration77_launch_readiness.TestRegistration" name="test_client_registration_fields" time="0.058" /><testcase classname="tests.test_iteration77_launch_readiness.TestRegistration" name="test_company_registration_requires_bulstat" time="0.063" /><testcase classname="tests.test_iteration77_launch_readiness.TestReviews" name="test_get_reviews" time="0.056" /><testcase classname="tests.test_iteration77_launch_readiness.TestBlogCommunity" name="test_blog_page_frontend_only" time="0.059" /><testcase classname="tests.test_iteration77_launch_readiness.TestBlogCommunity" name="test_get_community_posts" time="0.067" /></testsuite></testsuites>